#
# A fatal error has been detected by the Java Runtime Environment:
#
#  SIGSEGV (0xb) at pc=0x00000001265ba58d, pid=1443, tid=1811
#
# JRE version: Java(TM) SE Runtime Environment (8.0_45-b14) (build 1.8.0_45-b14)
# Java VM: Java HotSpot(TM) 64-Bit Server VM (25.45-b02 mixed mode bsd-amd64 compressed oops)
# Problematic frame:
# C  [libglass.dylib+0x1558d]  GlassScreenDidChangeScreenParameters+0x9d
#
# Failed to write core dump. Core dumps have been disabled. To enable core dumping, try "ulimit -c unlimited" before starting Java again
#
# If you would like to submit a bug report, please visit:
#   http://bugreport.java.com/bugreport/crash.jsp
#

---------------  T H R E A D  ---------------

Current thread is native thread

siginfo: si_signo: 11 (SIGSEGV), si_code: 1 (SEGV_MAPERR), si_addr: 0x0000000000000000

Registers:
RAX=0x00000001265ecbc0, RBX=0x0000000000000000, RCX=0x94001f560397b0e2, RDX=0x00007f9031f3b0f0
RSP=0x00007fff53502180, RBP=0x00007fff53502190, RSI=0x00007f9031e0bf90, RDI=0x0000000000000000
R8 =0x00007fff53502030, R9 =0x00007fff77cac300, R10=0x0000000000000000, R11=0x0000000000000246
R12=0x00007f9031c0e0f0, R13=0x00000000000f4269, R14=0x00007f9031f3b000, R15=0x00007fff535022d0
RIP=0x00000001265ba58d, EFLAGS=0x0000000000010206, ERR=0x0000000000000004
  TRAPNO=0x000000000000000e

Top of Stack: (sp=0x00007fff53502180)
0x00007fff53502180:   00007fff53502360 00007f9031f3b000
0x00007fff53502190:   00007fff535021a0 00007fff86da0cbc
0x00007fff535021a0:   00007fff53502500 00007fff86c92384
0x00007fff535021b0:   00007f9033246a00 0000000000000a00
0x00007fff535021c0:   000000010c716000 00007f9031ffc080
0x00007fff535021d0:   0000000000001001 0000000000000900
0x00007fff535021e0:   0000000000000004 00007f9031f3b000
0x00007fff535021f0:   0000000000000000 00007fff535022d0
0x00007fff53502200:   0000000000000000 00007f9031f3afc0
0x00007fff53502210:   00007fff53502350 0000000000000060
0x00007fff53502220:   00000000000f430f 00007f9031f34300
0x00007fff53502230:   00007f9031d4fb90 00007f9031c0e0f0
0x00007fff53502240:   0000000000000001 00000000000f4269
0x00007fff53502250:   00007f9031c0e0e0 00007fff872bfacb
0x00007fff53502260:   0000000000000001 0000000000000001
0x00007fff53502270:   0000000000000030 0000000000000001
0x00007fff53502280:   00007fff535022a0 00007fff872c5231
0x00007fff53502290:   00007fff763e8dd0 0000000000000000
0x00007fff535022a0:   00007fff535022c0 000000000000000a
0x00007fff535022b0:   0003900300000000 00007f9031c0e114
0x00007fff535022c0:   0000000000000000 00007fff86c87e5f
0x00007fff535022d0:   00007f9031f3b000 00007fff763e8dd0
0x00007fff535022e0:   00007fff53502360 00007fff86c9098f
0x00007fff535022f0:   000000010c716000 00007f903440af63
0x00007fff53502300:   000000010c719a00 0000000000000002
0x00007fff53502310:   000000010c716000 00007f9031f40302
0x00007fff53502320:   0000000000000003 000000010c71a400
0x00007fff53502330:   00007fff53502420 00007fff872be2a2
0x00007fff53502340:   00007f9031c2b450 00007fff53502508
0x00007fff53502350:   0000000000000017 0000000000000000
0x00007fff53502360:   00000000000f4269 00007fff86c88153
0x00007fff53502370:   00007fff00000000 00007f9031d54c10 

Instructions: (pc=0x00000001265ba58d)
0x00000001265ba56d:   89 df 4c 89 f1 41 ff 90 68 04 00 00 48 8d 05 48
0x00000001265ba57d:   25 03 00 48 8b 30 48 8d 05 36 26 03 00 48 8b 10
0x00000001265ba58d:   48 8b 0b 30 c0 48 89 df ff 91 68 04 00 00 48 8b
0x00000001265ba59d:   03 48 89 df ff 50 78 48 85 c0 74 36 49 89 c6 48 

Register to memory mapping:

RAX=0x00000001265ecbc0: jScreenNotifySettingsChanged+0 in /Library/Java/JavaVirtualMachines/jdk1.8.0_45.jdk/Contents/Home/jre/lib/libglass.dylib at 0x00000001265a5000
RBX=0x0000000000000000 is an unknown value
RCX=0x94001f560397b0e2 is an unknown value
RDX=0x00007f9031f3b0f0 is an unknown value
RSP=0x00007fff53502180 is an unknown value
RBP=0x00007fff53502190 is an unknown value
RSI=0x00007f9031e0bf90 is a global jni handle
RDI=0x0000000000000000 is an unknown value
R8 =0x00007fff53502030 is an unknown value
R9 =0x00007fff77cac300: _thread+0 in /usr/lib/system/libsystem_pthread.dylib at 0x00007fff920ca000
R10=0x0000000000000000 is an unknown value
R11=0x0000000000000246 is an unknown value
R12=0x00007f9031c0e0f0 is an unknown value
R13=0x00000000000f4269 is an unknown value
R14=0x00007f9031f3b000 is an unknown value
R15=0x00007fff535022d0 is an unknown value


Stack: [0x00007fff52d05000,0x00007fff53505000],  sp=0x00007fff53502180,  free space=8180k
Native frames: (J=compiled Java code, j=interpreted, Vv=VM code, C=native code)
C  [libglass.dylib+0x1558d]  GlassScreenDidChangeScreenParameters+0x9d
C  [CoreFoundation+0x11ecbc]  __CFNOTIFICATIONCENTER_IS_CALLING_OUT_TO_AN_OBSERVER__+0xc
C  [CoreFoundation+0x10384]  _CFXNotificationPost+0xc44
C  [Foundation+0x2aa1]  -[NSNotificationCenter postNotificationName:object:userInfo:]+0x42
C  [AppKit+0x36595e]  -[NSApplication _reactToScreenInvalidationImmediately:]+0x17b
C  [AppKit+0x36579d]  __44-[NSApplication _reactToScreenInvalidation:]_block_invoke+0x4b
C  [CoreFoundation+0x806ac]  __CFRUNLOOP_IS_CALLING_OUT_TO_A_BLOCK__+0xc
C  [CoreFoundation+0x727b5]  __CFRunLoopDoBlocks+0x155
C  [CoreFoundation+0x722f6]  __CFRunLoopRun+0x716
C  [CoreFoundation+0x71998]  CFRunLoopRunSpecific+0x128
C  [java+0x6490]  CreateExecutionEnvironment+0x367
C  [java+0x221c]  JLI_Launch+0x7a0
C  [java+0x84ed]  main+0x65
C  [java+0x1a74]  start+0x34


---------------  P R O C E S S  ---------------

VM state:not at safepoint (normal execution)

VM Mutex/Monitor currently owned by a thread: None

Heap:
 PSYoungGen      total 38400K, used 19724K [0x0000000795580000, 0x0000000798000000, 0x00000007c0000000)
  eden space 33280K, 47% used [0x0000000795580000,0x00000007964fcff8,0x0000000797600000)
  from space 5120K, 75% used [0x0000000797600000,0x00000007979c6050,0x0000000797b00000)
  to   space 5120K, 0% used [0x0000000797b00000,0x0000000797b00000,0x0000000798000000)
 ParOldGen       total 87552K, used 16K [0x0000000740000000, 0x0000000745580000, 0x0000000795580000)
  object space 87552K, 0% used [0x0000000740000000,0x0000000740004000,0x0000000745580000)
 Metaspace       used 13460K, capacity 14036K, committed 14208K, reserved 1060864K
  class space    used 1707K, capacity 1909K, committed 1920K, reserved 1048576K

Card table byte_map: [0x000000011d5c0000,0x000000011d9c1000] byte_map_base: 0x0000000119bc0000

Marking Bits: (ParMarkBitMap*) 0x000000010d0bc7a0
 Begin Bits: [0x000000011df75000, 0x000000011ff75000)
 End Bits:   [0x000000011ff75000, 0x0000000121f75000)

Polling page: 0x000000010d8c0000

CodeCache: size=245760Kb used=8140Kb max_used=8154Kb free=237619Kb
 bounds [0x000000010e200000, 0x000000010ea00000, 0x000000011d200000]
 total_blobs=3127 nmethods=2536 adapters=503
 compilation: enabled

Compilation events (10 events):
Event: 15.476 Thread 0x00007f9033018000 2533       4       javafx.application.Platform::runLater (5 bytes)
Event: 15.489 Thread 0x00007f9033018000 nmethod 2533 0x000000010e9f56d0 code [0x000000010e9f5920, 0x000000010e9f68d0]
Event: 50.516 Thread 0x00007f903280a800 2534 % !   3       application.Timer::run @ 0 (54 bytes)
Event: 50.516 Thread 0x00007f903280a800 nmethod 2534% 0x000000010e9f4590 code [0x000000010e9f47c0, 0x000000010e9f51d8]
Event: 51.251 Thread 0x00007f903280a800 2535   !   3       application.Timer::run (54 bytes)
Event: 51.252 Thread 0x00007f903280a800 nmethod 2535 0x000000010e9f3590 code [0x000000010e9f37a0, 0x000000010e9f40b8]
Event: 51.694 Thread 0x00007f9033046000 2536   !   4       com.sun.javafx.application.PlatformImpl::runLater (100 bytes)
Event: 51.708 Thread 0x00007f9033046000 nmethod 2536 0x000000010e9fa090 code [0x000000010e9fa2e0, 0x000000010e9fb290]
Event: 79.676 Thread 0x00007f9033018000 2537 % !   4       application.Timer::run @ 0 (54 bytes)
Event: 79.679 Thread 0x00007f9033018000 nmethod 2537% 0x000000010e9f7f50 code [0x000000010e9f80e0, 0x000000010e9f83f0]

GC Heap History (2 events):
Event: 7.531 GC heap before
{Heap before GC invocations=1 (full 0):
 PSYoungGen      total 38400K, used 33280K [0x0000000795580000, 0x0000000798000000, 0x00000007c0000000)
  eden space 33280K, 100% used [0x0000000795580000,0x0000000797600000,0x0000000797600000)
  from space 5120K, 0% used [0x0000000797b00000,0x0000000797b00000,0x0000000798000000)
  to   space 5120K, 0% used [0x0000000797600000,0x0000000797600000,0x0000000797b00000)
 ParOldGen       total 87552K, used 0K [0x0000000740000000, 0x0000000745580000, 0x0000000795580000)
  object space 87552K, 0% used [0x0000000740000000,0x0000000740000000,0x0000000745580000)
 Metaspace       used 13115K, capacity 13666K, committed 13696K, reserved 1060864K
  class space    used 1699K, capacity 1898K, committed 1920K, reserved 1048576K
Event: 7.537 GC heap after
Heap after GC invocations=1 (full 0):
 PSYoungGen      total 38400K, used 3864K [0x0000000795580000, 0x0000000798000000, 0x00000007c0000000)
  eden space 33280K, 0% used [0x0000000795580000,0x0000000795580000,0x0000000797600000)
  from space 5120K, 75% used [0x0000000797600000,0x00000007979c6050,0x0000000797b00000)
  to   space 5120K, 0% used [0x0000000797b00000,0x0000000797b00000,0x0000000798000000)
 ParOldGen       total 87552K, used 16K [0x0000000740000000, 0x0000000745580000, 0x0000000795580000)
  object space 87552K, 0% used [0x0000000740000000,0x0000000740004000,0x0000000745580000)
 Metaspace       used 13115K, capacity 13666K, committed 13696K, reserved 1060864K
  class space    used 1699K, capacity 1898K, committed 1920K, reserved 1048576K
}

Deoptimization events (10 events):
Event: 11.757 Thread 0x00007f90320da000 Uncommon trap: reason=unstable_if action=reinterpret pc=0x000000010e9d3554 method=com.sun.javafx.application.PlatformImpl.checkIdle()V @ 40
Event: 11.757 Thread 0x00007f90320da000 Uncommon trap: reason=unstable_if action=reinterpret pc=0x000000010e9a45f8 method=com.sun.javafx.application.PlatformImpl.checkIdle()V @ 40
Event: 11.764 Thread 0x00007f90320da000 Uncommon trap: reason=unstable_if action=reinterpret pc=0x000000010e99ab18 method=java.security.AccessControlContext.optimize()Ljava/security/AccessControlContext; @ 83
Event: 11.764 Thread 0x00007f90320da000 Uncommon trap: reason=unstable_if action=reinterpret pc=0x000000010e90a3f8 method=java.security.AccessControlContext.combine([Ljava/security/ProtectionDomain;[Ljava/security/ProtectionDomain;)[Ljava/security/ProtectionDomain; @ 11
Event: 11.764 Thread 0x00007f90320da000 Uncommon trap: reason=bimorphic action=maybe_recompile pc=0x000000010e9bdf2c method=com.sun.javafx.application.PlatformImpl.lambda$null$170(Ljava/lang/Runnable;)Ljava/lang/Void; @ 1
Event: 11.765 Thread 0x00007f90320da000 Uncommon trap: reason=bimorphic action=maybe_recompile pc=0x000000010e9bdf2c method=com.sun.javafx.application.PlatformImpl.lambda$null$170(Ljava/lang/Runnable;)Ljava/lang/Void; @ 1
Event: 11.765 Thread 0x00007f90320da000 Uncommon trap: reason=bimorphic action=maybe_recompile pc=0x000000010e9bdf2c method=com.sun.javafx.application.PlatformImpl.lambda$null$170(Ljava/lang/Runnable;)Ljava/lang/Void; @ 1
Event: 11.765 Thread 0x00007f90320da000 Uncommon trap: reason=bimorphic action=maybe_recompile pc=0x000000010e9bdf2c method=com.sun.javafx.application.PlatformImpl.lambda$null$170(Ljava/lang/Runnable;)Ljava/lang/Void; @ 1
Event: 11.766 Thread 0x00007f9033270800 Uncommon trap: reason=unstable_if action=reinterpret pc=0x000000010e9c1acc method=com.sun.javafx.application.PlatformImpl.runLater(Ljava/lang/Runnable;Z)V @ 57
Event: 11.767 Thread 0x00007f90320da000 Uncommon trap: reason=unstable_if action=reinterpret pc=0x000000010e9cfc34 method=java.util.concurrent.locks.ReentrantLock$Sync.tryRelease(I)Z @ 28

Internal exceptions (10 events):
Event: 0.461 Thread 0x00007f90320da000 Exception <a 'java/lang/NullPointerException'> (0x000000079627b7e0) thrown at [/Users/java_re/workspace/8-2-build-macosx-x86_64/jdk8u45/3457/hotspot/src/share/vm/interpreter/linkResolver.cpp, line 1178]
Event: 0.461 Thread 0x00007f90320da000 Exception <a 'java/lang/NullPointerException'> (0x000000079627b7e0) thrown at [/Users/java_re/workspace/8-2-build-macosx-x86_64/jdk8u45/3457/hotspot/src/share/vm/prims/jvm.cpp, line 1386]
Event: 0.570 Thread 0x00007f90320da000 Implicit null exception at 0x000000010e442ab5 to 0x000000010e442cb1
Event: 2.790 Thread 0x00007f903314a000 Exception <a 'java/lang/InterruptedException': sleep interrupted> (0x00000007970d7f10) thrown at [/Users/java_re/workspace/8-2-build-macosx-x86_64/jdk8u45/3457/hotspot/src/share/vm/prims/jvm.cpp, line 3211]
Event: 4.428 Thread 0x00007f9032aa3000 Exception <a 'java/lang/InterruptedException': sleep interrupted> (0x0000000797220450) thrown at [/Users/java_re/workspace/8-2-build-macosx-x86_64/jdk8u45/3457/hotspot/src/share/vm/prims/jvm.cpp, line 3211]
Event: 6.008 Thread 0x00007f9033169800 Exception <a 'java/lang/InterruptedException': sleep interrupted> (0x0000000797375450) thrown at [/Users/java_re/workspace/8-2-build-macosx-x86_64/jdk8u45/3457/hotspot/src/share/vm/prims/jvm.cpp, line 3211]
Event: 7.574 Thread 0x00007f9033169800 Exception <a 'java/lang/InterruptedException': sleep interrupted> (0x00000007955fff38) thrown at [/Users/java_re/workspace/8-2-build-macosx-x86_64/jdk8u45/3457/hotspot/src/share/vm/prims/jvm.cpp, line 3211]
Event: 9.423 Thread 0x00007f9033271800 Exception <a 'java/lang/InterruptedException': sleep interrupted> (0x000000079586a420) thrown at [/Users/java_re/workspace/8-2-build-macosx-x86_64/jdk8u45/3457/hotspot/src/share/vm/prims/jvm.cpp, line 3211]
Event: 11.764 Thread 0x00007f90320da000 Implicit null exception at 0x000000010e99a699 to 0x000000010e99ab09
Event: 11.764 Thread 0x00007f90320da000 Implicit null exception at 0x000000010e90a15a to 0x000000010e90a3e1

Events (10 events):
Event: 11.767 loading class com/sun/javafx/tk/quantum/QuantumToolkit done
Event: 11.767 Thread 0x00007f9032970000 Thread exited: 0x00007f9032970000
Event: 11.768 Thread 0x00007f90329cb800 Thread exited: 0x00007f90329cb800
Event: 11.768 Thread 0x00007f9033802000 Thread exited: 0x00007f9033802000
Event: 11.768 Thread 0x00007f9033802000 Thread added: 0x00007f9033802000
Event: 11.768 Thread 0x00007f90320da000 Thread exited: 0x00007f90320da000
Event: 85.573 Thread 0x00007f9033270800 DEOPT PACKING pc=0x000000010e9f5075 sp=0x000000012cc57840
Event: 85.573 Thread 0x00007f9033270800 DEOPT UNPACKING pc=0x000000010e247633 sp=0x000000012cc57618 mode 0
Event: 91.327 Thread 0x00007f9033169800 DEOPT PACKING pc=0x000000010e9f5075 sp=0x000000012c8ad840
Event: 91.327 Thread 0x00007f9033169800 DEOPT UNPACKING pc=0x000000010e247633 sp=0x000000012c8ad618 mode 0


Dynamic libraries:
0x00000000060c7000 	/System/Library/Frameworks/Cocoa.framework/Versions/A/Cocoa
0x00000000060c7000 	/System/Library/Frameworks/Security.framework/Versions/A/Security
0x00000000060c7000 	/System/Library/Frameworks/ApplicationServices.framework/Versions/A/ApplicationServices
0x00000000060c7000 	/usr/lib/libz.1.dylib
0x00000000060c7000 	/usr/lib/libSystem.B.dylib
0x00000000060c7000 	/usr/lib/libobjc.A.dylib
0x00000000060c7000 	/System/Library/Frameworks/CoreFoundation.framework/Versions/A/CoreFoundation
0x00000000060c7000 	/System/Library/Frameworks/Foundation.framework/Versions/C/Foundation
0x00000000060c7000 	/System/Library/Frameworks/AppKit.framework/Versions/C/AppKit
0x00000000060c7000 	/System/Library/Frameworks/CoreData.framework/Versions/A/CoreData
0x00000000060c7000 	/System/Library/PrivateFrameworks/RemoteViewServices.framework/Versions/A/RemoteViewServices
0x00000000060c7000 	/System/Library/PrivateFrameworks/UIFoundation.framework/Versions/A/UIFoundation
0x00000000060c7000 	/System/Library/Frameworks/IOSurface.framework/Versions/A/IOSurface
0x00000000060c7000 	/System/Library/Frameworks/AudioToolbox.framework/Versions/A/AudioToolbox
0x00000000060c7000 	/System/Library/Frameworks/AudioUnit.framework/Versions/A/AudioUnit
0x00000000060c7000 	/System/Library/PrivateFrameworks/DataDetectorsCore.framework/Versions/A/DataDetectorsCore
0x00000000060c7000 	/System/Library/PrivateFrameworks/DesktopServicesPriv.framework/Versions/A/DesktopServicesPriv
0x00000000060c7000 	/System/Library/Frameworks/Carbon.framework/Versions/A/Frameworks/HIToolbox.framework/Versions/A/HIToolbox
0x00000000060c7000 	/System/Library/Frameworks/QuartzCore.framework/Versions/A/QuartzCore
0x00000000060c7000 	/System/Library/Frameworks/Carbon.framework/Versions/A/Frameworks/SpeechRecognition.framework/Versions/A/SpeechRecognition
0x00000000060c7000 	/usr/lib/libauto.dylib
0x00000000060c7000 	/usr/lib/libicucore.A.dylib
0x00000000060c7000 	/usr/lib/libxml2.2.dylib
0x00000000060c7000 	/System/Library/PrivateFrameworks/CoreUI.framework/Versions/A/CoreUI
0x00000000060c7000 	/System/Library/Frameworks/CoreAudio.framework/Versions/A/CoreAudio
0x00000000060c7000 	/System/Library/Frameworks/DiskArbitration.framework/Versions/A/DiskArbitration
0x00000000060c7000 	/usr/lib/liblangid.dylib
0x00000000060c7000 	/System/Library/PrivateFrameworks/MultitouchSupport.framework/Versions/A/MultitouchSupport
0x00000000060c7000 	/System/Library/Frameworks/IOKit.framework/Versions/A/IOKit
0x00000000060c7000 	/usr/lib/libDiagnosticMessagesClient.dylib
0x00000000060c7000 	/System/Library/Frameworks/CoreServices.framework/Versions/A/CoreServices
0x00000000060c7000 	/System/Library/PrivateFrameworks/PerformanceAnalysis.framework/Versions/A/PerformanceAnalysis
0x00000000060c7000 	/System/Library/PrivateFrameworks/GenerationalStorage.framework/Versions/A/GenerationalStorage
0x00000000060c7000 	/System/Library/Frameworks/OpenGL.framework/Versions/A/OpenGL
0x00000000060c7000 	/System/Library/PrivateFrameworks/Sharing.framework/Versions/A/Sharing
0x00000000060c7000 	/System/Library/Frameworks/CoreGraphics.framework/Versions/A/CoreGraphics
0x00000000060c7000 	/System/Library/Frameworks/CoreText.framework/Versions/A/CoreText
0x00000000060c7000 	/System/Library/Frameworks/ImageIO.framework/Versions/A/ImageIO
0x00000000060c7000 	/usr/lib/libextension.dylib
0x00000000060c7000 	/System/Library/PrivateFrameworks/Backup.framework/Versions/A/Backup
0x00000000060c7000 	/usr/lib/libarchive.2.dylib
0x00000000060c7000 	/System/Library/Frameworks/CFNetwork.framework/Versions/A/CFNetwork
0x00000000060c7000 	/System/Library/Frameworks/SystemConfiguration.framework/Versions/A/SystemConfiguration
0x00000000060c7000 	/usr/lib/libCRFSuite.dylib
0x00000000060c7000 	/usr/lib/libc++.1.dylib
0x00000000060c7000 	/usr/lib/libc++abi.dylib
0x00000000060c7000 	/usr/lib/system/libcache.dylib
0x00000000060c7000 	/usr/lib/system/libcommonCrypto.dylib
0x00000000060c7000 	/usr/lib/system/libcompiler_rt.dylib
0x00000000060c7000 	/usr/lib/system/libcopyfile.dylib
0x00000000060c7000 	/usr/lib/system/libcorecrypto.dylib
0x00000000060c7000 	/usr/lib/system/libdispatch.dylib
0x00000000060c7000 	/usr/lib/system/libdyld.dylib
0x00000000060c7000 	/usr/lib/system/libkeymgr.dylib
0x00000000060c7000 	/usr/lib/system/liblaunch.dylib
0x00000000060c7000 	/usr/lib/system/libmacho.dylib
0x00000000060c7000 	/usr/lib/system/libquarantine.dylib
0x00000000060c7000 	/usr/lib/system/libremovefile.dylib
0x00000000060c7000 	/usr/lib/system/libsystem_asl.dylib
0x00000000060c7000 	/usr/lib/system/libsystem_blocks.dylib
0x00000000060c7000 	/usr/lib/system/libsystem_c.dylib
0x00000000060c7000 	/usr/lib/system/libsystem_configuration.dylib
0x00000000060c7000 	/usr/lib/system/libsystem_coreservices.dylib
0x00000000060c7000 	/usr/lib/system/libsystem_coretls.dylib
0x00000000060c7000 	/usr/lib/system/libsystem_dnssd.dylib
0x00000000060c7000 	/usr/lib/system/libsystem_info.dylib
0x00000000060c7000 	/usr/lib/system/libsystem_kernel.dylib
0x00000000060c7000 	/usr/lib/system/libsystem_m.dylib
0x00000000060c7000 	/usr/lib/system/libsystem_malloc.dylib
0x00000000060c7000 	/usr/lib/system/libsystem_network.dylib
0x00000000060c7000 	/usr/lib/system/libsystem_networkextension.dylib
0x00000000060c7000 	/usr/lib/system/libsystem_notify.dylib
0x00000000060c7000 	/usr/lib/system/libsystem_platform.dylib
0x00000000060c7000 	/usr/lib/system/libsystem_pthread.dylib
0x00000000060c7000 	/usr/lib/system/libsystem_sandbox.dylib
0x00000000060c7000 	/usr/lib/system/libsystem_secinit.dylib
0x00000000060c7000 	/usr/lib/system/libsystem_stats.dylib
0x00000000060c7000 	/usr/lib/system/libsystem_trace.dylib
0x00000000060c7000 	/usr/lib/system/libunc.dylib
0x00000000060c7000 	/usr/lib/system/libunwind.dylib
0x00000000060c7000 	/usr/lib/system/libxpc.dylib
0x00000000060c7000 	/usr/lib/libbz2.1.0.dylib
0x00000000060c7000 	/usr/lib/liblzma.5.dylib
0x00000000060c7000 	/usr/lib/libbsm.0.dylib
0x00000000060c7000 	/usr/lib/libsqlite3.dylib
0x00000000060c7000 	/usr/lib/system/libkxld.dylib
0x00000000060c7000 	/usr/lib/libxar.1.dylib
0x00000000060c7000 	/usr/lib/libpam.2.dylib
0x00000000060c7000 	/usr/lib/libOpenScriptingUtil.dylib
0x00000000060c7000 	/System/Library/Frameworks/CoreServices.framework/Versions/A/Frameworks/FSEvents.framework/Versions/A/FSEvents
0x00000000060c7000 	/System/Library/Frameworks/CoreServices.framework/Versions/A/Frameworks/CarbonCore.framework/Versions/A/CarbonCore
0x00000000060c7000 	/System/Library/Frameworks/CoreServices.framework/Versions/A/Frameworks/Metadata.framework/Versions/A/Metadata
0x00000000060c7000 	/System/Library/Frameworks/CoreServices.framework/Versions/A/Frameworks/OSServices.framework/Versions/A/OSServices
0x00000000060c7000 	/System/Library/Frameworks/CoreServices.framework/Versions/A/Frameworks/SearchKit.framework/Versions/A/SearchKit
0x00000000060c7000 	/System/Library/Frameworks/CoreServices.framework/Versions/A/Frameworks/AE.framework/Versions/A/AE
0x00000000060c7000 	/System/Library/Frameworks/CoreServices.framework/Versions/A/Frameworks/LaunchServices.framework/Versions/A/LaunchServices
0x00000000060c7000 	/System/Library/Frameworks/CoreServices.framework/Versions/A/Frameworks/DictionaryServices.framework/Versions/A/DictionaryServices
0x00000000060c7000 	/System/Library/Frameworks/NetFS.framework/Versions/A/NetFS
0x00000000060c7000 	/System/Library/PrivateFrameworks/NetAuth.framework/Versions/A/NetAuth
0x00000000060c7000 	/System/Library/PrivateFrameworks/login.framework/Versions/A/Frameworks/loginsupport.framework/Versions/A/loginsupport
0x00000000060c7000 	/System/Library/PrivateFrameworks/TCC.framework/Versions/A/TCC
0x00000000060c7000 	/usr/lib/libmecabra.dylib
0x00000000060c7000 	/System/Library/Frameworks/ApplicationServices.framework/Versions/A/Frameworks/ATS.framework/Versions/A/ATS
0x00000000060c7000 	/System/Library/Frameworks/ApplicationServices.framework/Versions/A/Frameworks/ColorSync.framework/Versions/A/ColorSync
0x00000000060c7000 	/System/Library/Frameworks/ApplicationServices.framework/Versions/A/Frameworks/HIServices.framework/Versions/A/HIServices
0x00000000060c7000 	/System/Library/Frameworks/ApplicationServices.framework/Versions/A/Frameworks/LangAnalysis.framework/Versions/A/LangAnalysis
0x00000000060c7000 	/System/Library/Frameworks/ApplicationServices.framework/Versions/A/Frameworks/PrintCore.framework/Versions/A/PrintCore
0x00000000060c7000 	/System/Library/Frameworks/ApplicationServices.framework/Versions/A/Frameworks/QD.framework/Versions/A/QD
0x00000000060c7000 	/System/Library/Frameworks/ApplicationServices.framework/Versions/A/Frameworks/SpeechSynthesis.framework/Versions/A/SpeechSynthesis
0x00000000060c7000 	/System/Library/Frameworks/Accelerate.framework/Versions/A/Accelerate
0x00000000060c7000 	/System/Library/Frameworks/Accelerate.framework/Versions/A/Frameworks/vImage.framework/Versions/A/vImage
0x00000000060c7000 	/System/Library/Frameworks/Accelerate.framework/Versions/A/Frameworks/vecLib.framework/Versions/A/vecLib
0x00000000060c7000 	/System/Library/Frameworks/Accelerate.framework/Versions/A/Frameworks/vecLib.framework/Versions/A/libvDSP.dylib
0x00000000060c7000 	/System/Library/Frameworks/Accelerate.framework/Versions/A/Frameworks/vecLib.framework/Versions/A/libvMisc.dylib
0x00000000060c7000 	/System/Library/Frameworks/Accelerate.framework/Versions/A/Frameworks/vecLib.framework/Versions/A/libLAPACK.dylib
0x00000000060c7000 	/System/Library/Frameworks/Accelerate.framework/Versions/A/Frameworks/vecLib.framework/Versions/A/libBLAS.dylib
0x00000000060c7000 	/System/Library/Frameworks/Accelerate.framework/Versions/A/Frameworks/vecLib.framework/Versions/A/libLinearAlgebra.dylib
0x00000000060c7000 	/System/Library/Frameworks/ApplicationServices.framework/Versions/A/Frameworks/ATS.framework/Versions/A/Resources/libFontParser.dylib
0x00000000060c7000 	/System/Library/Frameworks/ApplicationServices.framework/Versions/A/Frameworks/ATS.framework/Versions/A/Resources/libFontRegistry.dylib
0x00000000060c7000 	/System/Library/PrivateFrameworks/AppleVPA.framework/Versions/A/AppleVPA
0x00000000060c7000 	/System/Library/PrivateFrameworks/AppleJPEG.framework/Versions/A/AppleJPEG
0x00000000060c7000 	/System/Library/Frameworks/ImageIO.framework/Versions/A/Resources/libJPEG.dylib
0x00000000060c7000 	/System/Library/Frameworks/ImageIO.framework/Versions/A/Resources/libTIFF.dylib
0x00000000060c7000 	/System/Library/Frameworks/ImageIO.framework/Versions/A/Resources/libPng.dylib
0x00000000060c7000 	/System/Library/Frameworks/ImageIO.framework/Versions/A/Resources/libGIF.dylib
0x00000000060c7000 	/System/Library/Frameworks/ImageIO.framework/Versions/A/Resources/libJP2.dylib
0x00000000060c7000 	/System/Library/Frameworks/ImageIO.framework/Versions/A/Resources/libRadiance.dylib
0x00000000060c7000 	/System/Library/Frameworks/CoreVideo.framework/Versions/A/CoreVideo
0x00000000060c7000 	/System/Library/Frameworks/OpenGL.framework/Versions/A/Libraries/libGLU.dylib
0x00000000060c7000 	/System/Library/Frameworks/OpenGL.framework/Versions/A/Libraries/libGFXShared.dylib
0x00000000060c7000 	/System/Library/Frameworks/OpenGL.framework/Versions/A/Libraries/libGL.dylib
0x00000000060c7000 	/System/Library/Frameworks/OpenGL.framework/Versions/A/Libraries/libGLImage.dylib
0x00000000060c7000 	/System/Library/Frameworks/OpenGL.framework/Versions/A/Libraries/libCVMSPluginSupport.dylib
0x00000000060c7000 	/System/Library/Frameworks/OpenGL.framework/Versions/A/Libraries/libCoreVMClient.dylib
0x00000000060c7000 	/usr/lib/libcups.2.dylib
0x00000000060c7000 	/System/Library/Frameworks/Kerberos.framework/Versions/A/Kerberos
0x00000000060c7000 	/System/Library/Frameworks/GSS.framework/Versions/A/GSS
0x00000000060c7000 	/usr/lib/libresolv.9.dylib
0x00000000060c7000 	/usr/lib/libiconv.2.dylib
0x00000000060c7000 	/System/Library/PrivateFrameworks/Heimdal.framework/Versions/A/Heimdal
0x00000000060c7000 	/usr/lib/libheimdal-asn1.dylib
0x00000000060c7000 	/System/Library/Frameworks/OpenDirectory.framework/Versions/A/OpenDirectory
0x00000000060c7000 	/System/Library/PrivateFrameworks/CommonAuth.framework/Versions/A/CommonAuth
0x00000000060c7000 	/System/Library/Frameworks/OpenDirectory.framework/Versions/A/Frameworks/CFOpenDirectory.framework/Versions/A/CFOpenDirectory
0x00000000060c7000 	/System/Library/Frameworks/SecurityFoundation.framework/Versions/A/SecurityFoundation
0x00000000060c7000 	/System/Library/PrivateFrameworks/LanguageModeling.framework/Versions/A/LanguageModeling
0x00000000060c7000 	/usr/lib/libcmph.dylib
0x00000000060c7000 	/System/Library/Frameworks/ServiceManagement.framework/Versions/A/ServiceManagement
0x00000000060c7000 	/usr/lib/libxslt.1.dylib
0x00000000060c7000 	/System/Library/Frameworks/Carbon.framework/Versions/A/Frameworks/Ink.framework/Versions/A/Ink
0x00000000060c7000 	/System/Library/Frameworks/QuartzCore.framework/Versions/A/Frameworks/CoreImage.framework/Versions/A/CoreImage
0x00000000060c7000 	/System/Library/PrivateFrameworks/CrashReporterSupport.framework/Versions/A/CrashReporterSupport
0x00000000060c7000 	/System/Library/Frameworks/OpenCL.framework/Versions/A/OpenCL
0x00000000060c7000 	/System/Library/PrivateFrameworks/FaceCore.framework/Versions/A/FaceCore
0x00000000060c7000 	/System/Library/PrivateFrameworks/Ubiquity.framework/Versions/A/Ubiquity
0x00000000060c7000 	/System/Library/PrivateFrameworks/IconServices.framework/Versions/A/IconServices
0x00000000060c7000 	/System/Library/PrivateFrameworks/ChunkingLibrary.framework/Versions/A/ChunkingLibrary
0x00000000060c7000 	/System/Library/PrivateFrameworks/Apple80211.framework/Versions/A/Apple80211
0x00000000060c7000 	/System/Library/Frameworks/CoreWLAN.framework/Versions/A/CoreWLAN
0x00000000060c7000 	/System/Library/Frameworks/IOBluetooth.framework/Versions/A/IOBluetooth
0x00000000060c7000 	/System/Library/PrivateFrameworks/CoreWiFi.framework/Versions/A/CoreWiFi
0x00000000060c7000 	/System/Library/Frameworks/CoreBluetooth.framework/Versions/A/CoreBluetooth
0x00000000060c7000 	/System/Library/PrivateFrameworks/DebugSymbols.framework/Versions/A/DebugSymbols
0x00000000060c7000 	/System/Library/PrivateFrameworks/CoreSymbolication.framework/Versions/A/CoreSymbolication
0x00000000060c7000 	/System/Library/PrivateFrameworks/Symbolication.framework/Versions/A/Symbolication
0x00000000060c7000 	/System/Library/PrivateFrameworks/SpeechRecognitionCore.framework/Versions/A/SpeechRecognitionCore
0x000000010c7fa000 	/Library/Java/JavaVirtualMachines/jdk1.8.0_45.jdk/Contents/Home/jre/lib/server/libjvm.dylib
0x00000000060c7000 	/usr/lib/libstdc++.6.dylib
0x000000010d87d000 	/Library/Java/JavaVirtualMachines/jdk1.8.0_45.jdk/Contents/Home/jre/lib/libverify.dylib
0x000000010d88b000 	/Library/Java/JavaVirtualMachines/jdk1.8.0_45.jdk/Contents/Home/jre/lib/libjava.dylib
0x000000010d8ca000 	/Library/Java/JavaVirtualMachines/jdk1.8.0_45.jdk/Contents/Home/jre/lib/libzip.dylib
0x000000012414c000 	/System/Library/Frameworks/JavaVM.framework/Frameworks/JavaRuntimeSupport.framework/JavaRuntimeSupport
0x0000000124162000 	/System/Library/Frameworks/JavaVM.framework/Versions/A/Frameworks/JavaNativeFoundation.framework/Versions/A/JavaNativeFoundation
0x0000000124176000 	/System/Library/Frameworks/JavaVM.framework/Versions/A/JavaVM
0x00000000060c7000 	/System/Library/Frameworks/Carbon.framework/Versions/A/Carbon
0x0000000124182000 	/System/Library/PrivateFrameworks/JavaLaunching.framework/Versions/A/JavaLaunching
0x00000000060c7000 	/System/Library/Frameworks/Carbon.framework/Versions/A/Frameworks/CommonPanels.framework/Versions/A/CommonPanels
0x00000000060c7000 	/System/Library/Frameworks/Carbon.framework/Versions/A/Frameworks/Help.framework/Versions/A/Help
0x00000000060c7000 	/System/Library/Frameworks/Carbon.framework/Versions/A/Frameworks/ImageCapture.framework/Versions/A/ImageCapture
0x00000000060c7000 	/System/Library/Frameworks/Carbon.framework/Versions/A/Frameworks/OpenScripting.framework/Versions/A/OpenScripting
0x00000000060c7000 	/System/Library/Frameworks/Carbon.framework/Versions/A/Frameworks/Print.framework/Versions/A/Print
0x00000000060c7000 	/System/Library/Frameworks/Carbon.framework/Versions/A/Frameworks/SecurityHI.framework/Versions/A/SecurityHI
0x000000012613b000 	/Library/Java/JavaVirtualMachines/jdk1.8.0_45.jdk/Contents/Home/jre/lib/libprism_es2.dylib
0x00000000060c7000 	/System/Library/Frameworks/OpenGL.framework/Versions/A/Resources/GLEngine.bundle/GLEngine
0x00000000060c7000 	/System/Library/Frameworks/OpenGL.framework/Versions/A/Libraries/libGLProgrammability.dylib
0x0000000000000000 	/System/Library/Extensions/AppleIntelBDWGraphicsGLDriver.bundle/Contents/MacOS/AppleIntelBDWGraphicsGLDriver
0x00000000060c7000 	/System/Library/PrivateFrameworks/IOAccelerator.framework/Versions/A/IOAccelerator
0x00000000060c7000 	/System/Library/PrivateFrameworks/GPUSupport.framework/Versions/A/Libraries/libGPUSupportMercury.dylib
0x00000000060c7000 	/System/Library/Frameworks/OpenGL.framework/Versions/A/Libraries//libLLVMContainer.dylib
0x00000000060c7000 	/System/Library/Frameworks/OpenGL.framework/Versions/A/Resources/GLRendererFloat.bundle/GLRendererFloat
0x00000000060c7000 	/System/Library/Frameworks/OpenCL.framework/Versions/A/Libraries/libcldcpuengine.dylib
0x00000000060c7000 	/System/Library/PrivateFrameworks/DiskImages.framework/Versions/A/DiskImages
0x00000000060c7000 	/System/Library/Frameworks/DiscRecording.framework/Versions/A/DiscRecording
0x00000000060c7000 	/usr/lib/libcsfde.dylib
0x00000000060c7000 	/usr/lib/libcurl.4.dylib
0x00000000060c7000 	/System/Library/PrivateFrameworks/MediaKit.framework/Versions/A/MediaKit
0x00000000060c7000 	/System/Library/PrivateFrameworks/ProtectedCloudStorage.framework/Versions/A/ProtectedCloudStorage
0x00000000060c7000 	/usr/lib/libCoreStorage.dylib
0x00000000060c7000 	/System/Library/PrivateFrameworks/EFILogin.framework/Versions/A/EFILogin
0x00000000060c7000 	/usr/lib/libutil.dylib
0x00000000060c7000 	/System/Library/PrivateFrameworks/FindMyDevice.framework/Versions/A/FindMyDevice
0x00000000060c7000 	/System/Library/Frameworks/LDAP.framework/Versions/A/LDAP
0x00000000060c7000 	/usr/lib/libsasl2.2.dylib
0x00000000060c7000 	/System/Library/PrivateFrameworks/CoreDaemon.framework/Versions/B/CoreDaemon
0x00000000060c7000 	/usr/lib/libcrypto.0.9.8.dylib
0x00000000060c7000 	/System/Library/PrivateFrameworks/AppleSRP.framework/Versions/A/AppleSRP
0x00000000060c7000 	/System/Library/PrivateFrameworks/TrustEvaluationAgent.framework/Versions/A/TrustEvaluationAgent
0x00000001265a5000 	/Library/Java/JavaVirtualMachines/jdk1.8.0_45.jdk/Contents/Home/jre/lib/libglass.dylib
0x00000000060c7000 	/System/Library/PrivateFrameworks/CoreServicesInternal.framework/Versions/A/CoreServicesInternal
0x00000000060c7000 	/System/Library/PrivateFrameworks/CloudDocs.framework/Versions/A/CloudDocs
0x00000000060c7000 	/System/Library/PrivateFrameworks/CoreDuet.framework/Versions/A/CoreDuet
0x00000000060c7000 	/System/Library/Frameworks/CloudKit.framework/Versions/A/CloudKit
0x00000000060c7000 	/System/Library/PrivateFrameworks/ProtocolBuffer.framework/Versions/A/ProtocolBuffer
0x00000000060c7000 	/System/Library/PrivateFrameworks/CoreDuetDaemonProtocol.framework/Versions/A/CoreDuetDaemonProtocol
0x00000000060c7000 	/System/Library/PrivateFrameworks/CoreDuetDebugLogging.framework/Versions/A/CoreDuetDebugLogging
0x00000000060c7000 	/System/Library/Frameworks/CoreLocation.framework/Versions/A/CoreLocation
0x00000000060c7000 	/System/Library/Frameworks/Accounts.framework/Versions/A/Accounts
0x00000000060c7000 	/System/Library/PrivateFrameworks/ApplePushService.framework/Versions/A/ApplePushService
0x00000000060c7000 	/System/Library/PrivateFrameworks/GeoServices.framework/Versions/A/GeoServices
0x00000000060c7000 	/System/Library/PrivateFrameworks/OAuth.framework/Versions/A/OAuth
0x00000000060c7000 	/System/Library/Frameworks/CoreGraphics.framework/Versions/A/Resources/libCGCMS.A.dylib
0x00000001279b7000 	/System/Library/CoreServices/RawCamera.bundle/Contents/MacOS/RawCamera
0x00000000060c7000 	/System/Library/Frameworks/CoreGraphics.framework/Versions/A/Resources/libRIP.A.dylib
0x00000000060c7000 	/System/Library/PrivateFrameworks/FamilyControls.framework/Versions/A/FamilyControls
0x00000000060c7000 	/System/Library/PrivateFrameworks/CommerceKit.framework/Versions/A/Frameworks/CommerceCore.framework/Versions/A/CommerceCore
0x00000000060c7000 	/System/Library/PrivateFrameworks/SystemAdministration.framework/Versions/A/SystemAdministration
0x00000000060c7000 	/System/Library/PrivateFrameworks/AppContainer.framework/Versions/A/AppContainer
0x00000000060c7000 	/System/Library/PrivateFrameworks/SecCodeWrapper.framework/Versions/A/SecCodeWrapper
0x00000000060c7000 	/System/Library/Frameworks/DirectoryService.framework/Versions/A/DirectoryService
0x00000000060c7000 	/System/Library/PrivateFrameworks/LoginUIKit.framework/Versions/A/Frameworks/LoginUICore.framework/Versions/A/LoginUICore
0x00000000060c7000 	/usr/lib/libodfde.dylib
0x000000012a11c000 	/Library/Java/JavaVirtualMachines/jdk1.8.0_45.jdk/Contents/Home/jre/lib/libjavafx_font.dylib
0x00000000060c7000 	/System/Library/Frameworks/CoreGraphics.framework/Versions/A/Resources/libCGXType.A.dylib
0x000000012be81000 	cl_kernels
0x000000012c18e000 	/System/Library/Frameworks/OpenCL.framework/Versions/A/Libraries/ImageFormats/unorm8_bgra.dylib
0x000000012be87000 	cl_kernels
0x000000012c460000 	/Library/Java/JavaVirtualMachines/jdk1.8.0_45.jdk/Contents/Home/jre/lib/libprism_common.dylib

VM Arguments:
jvm_args: -Dfile.encoding=UTF-8 
java_command: application.Main
java_class_path (initial): /Users/kevin/git/prog2/MyJavaFX/bin:/Applications/eclipse/plugins/org.eclipse.fx.ide.css.jfx8_1.1.0.201411050807.jar
Launcher Type: SUN_STANDARD

Environment Variables:
PATH=/usr/bin:/bin:/usr/sbin:/sbin
SHELL=/bin/bash

Signal Handlers:
SIGSEGV: [libjvm.dylib+0x58ef95], sa_mask[0]=11111111011111110111111111111111, sa_flags=SA_ONSTACK|SA_RESTART|SA_SIGINFO
SIGBUS: [libjvm.dylib+0x58ef95], sa_mask[0]=11111111011111110111111111111111, sa_flags=SA_RESTART|SA_SIGINFO
SIGFPE: [libjvm.dylib+0x46c108], sa_mask[0]=11111111011111110111111111111111, sa_flags=SA_RESTART|SA_SIGINFO
SIGPIPE: [libjvm.dylib+0x46c108], sa_mask[0]=11111111011111110111111111111111, sa_flags=SA_RESTART|SA_SIGINFO
SIGXFSZ: [libjvm.dylib+0x46c108], sa_mask[0]=11111111011111110111111111111111, sa_flags=SA_RESTART|SA_SIGINFO
SIGILL: [libjvm.dylib+0x46c108], sa_mask[0]=11111111011111110111111111111111, sa_flags=SA_RESTART|SA_SIGINFO
SIGUSR1: SIG_DFL, sa_mask[0]=00000000000000000000000000000000, sa_flags=none
SIGUSR2: [libjvm.dylib+0x46bc26], sa_mask[0]=00100000000000000000000000000000, sa_flags=SA_RESTART|SA_SIGINFO
SIGHUP: [libjvm.dylib+0x46a1f9], sa_mask[0]=11111111011111110111111111111111, sa_flags=SA_RESTART|SA_SIGINFO
SIGINT: [libjvm.dylib+0x46a1f9], sa_mask[0]=11111111011111110111111111111111, sa_flags=SA_RESTART|SA_SIGINFO
SIGTERM: [libjvm.dylib+0x46a1f9], sa_mask[0]=11111111011111110111111111111111, sa_flags=SA_RESTART|SA_SIGINFO
SIGQUIT: [libjvm.dylib+0x46a1f9], sa_mask[0]=11111111011111110111111111111111, sa_flags=SA_RESTART|SA_SIGINFO


---------------  S Y S T E M  ---------------

OS:Bsduname:Darwin 14.1.1 Darwin Kernel Version 14.1.1: Fri Feb  6 21:06:10 PST 2015; root:xnu-2782.15.4~1/RELEASE_X86_64 x86_64
rlimit: STACK 8192k, CORE 0k, NPROC 709, NOFILE 10240, AS infinity
load average:2.13 2.07 1.84

CPU:total 4 (2 cores per cpu, 2 threads per core) family 6 model 61 stepping 4, cmov, cx8, fxsr, mmx, sse, sse2, sse3, ssse3, sse4.1, sse4.2, popcnt, avx, avx2, aes, clmul, erms, 3dnowpref, lzcnt, ht, tsc, tscinvbit, bmi1, bmi2, adx

Memory: 4k page, physical 8388608k(753932k free)

/proc/meminfo:


vm_info: Java HotSpot(TM) 64-Bit Server VM (25.45-b02) for bsd-amd64 JRE (1.8.0_45-b14), built on Apr 10 2015 10:46:38 by "java_re" with gcc 4.2.1 (Based on Apple Inc. build 5658) (LLVM build 2336.11.00)

time: Mon May 11 18:13:00 2015
elapsed time: 345 seconds (0d 0h 5m 45s)

