#
# A fatal error has been detected by the Java Runtime Environment:
#
#  SIGSEGV (0xb) at pc=0x000000011a8be58d, pid=1422, tid=1811
#
# JRE version: Java(TM) SE Runtime Environment (8.0_45-b14) (build 1.8.0_45-b14)
# Java VM: Java HotSpot(TM) 64-Bit Server VM (25.45-b02 mixed mode bsd-amd64 compressed oops)
# Problematic frame:
# C  [libglass.dylib+0x1558d]  GlassScreenDidChangeScreenParameters+0x9d
#
# Failed to write core dump. Core dumps have been disabled. To enable core dumping, try "ulimit -c unlimited" before starting Java again
#
# If you would like to submit a bug report, please visit:
#   http://bugreport.java.com/bugreport/crash.jsp
#

---------------  T H R E A D  ---------------

Current thread is native thread

siginfo: si_signo: 11 (SIGSEGV), si_code: 1 (SEGV_MAPERR), si_addr: 0x0000000000000000

Registers:
RAX=0x000000011a8f0bc0, RBX=0x0000000000000000, RCX=0xa2001ef22e897bf7, RDX=0x00007f90d2db96c0
RSP=0x00007fff5f1fe180, RBP=0x00007fff5f1fe190, RSI=0x00007f90d2d276b0, RDI=0x0000000000000000
R8 =0x00007fff5f1fe030, R9 =0x00007fff77cac300, R10=0x0000000000000000, R11=0x0000000000000246
R12=0x00007f90d2d35590, R13=0x00000000000f4269, R14=0x00007f90d2db95d0, R15=0x00007fff5f1fe2d0
RIP=0x000000011a8be58d, EFLAGS=0x0000000000010206, ERR=0x0000000000000004
  TRAPNO=0x000000000000000e

Top of Stack: (sp=0x00007fff5f1fe180)
0x00007fff5f1fe180:   00007fff5f1fe360 00007f90d2db95d0
0x00007fff5f1fe190:   00007fff5f1fe1a0 00007fff86da0cbc
0x00007fff5f1fe1a0:   00007fff5f1fe500 00007fff86c92384
0x00007fff5f1fe1b0:   00007fff5f1fe200 0000000000000000
0x00007fff5f1fe1c0:   00007fff763eacf0 00007f90d2e49d80
0x00007fff5f1fe1d0:   0000000000001000 0000000000000900
0x00007fff5f1fe1e0:   00007f90d2e49d80 00007f90d2db95d0
0x00007fff5f1fe1f0:   0000000000000000 00007fff5f1fe2d0
0x00007fff5f1fe200:   0000000000000000 00007f90d2db9590
0x00007fff5f1fe210:   00007fff5f1fe350 0000000000000060
0x00007fff5f1fe220:   00000000000f430b 00007f90d2df68d0
0x00007fff5f1fe230:   00007f90d2e29200 00007f90d2d35590
0x00007fff5f1fe240:   0000000000000001 00000000000f4269
0x00007fff5f1fe250:   00007f90d2d35580 00007fff872bfacb
0x00007fff5f1fe260:   0000000000000001 0000000000000001
0x00007fff5f1fe270:   0000000000000030 0000000000000001
0x00007fff5f1fe280:   00007fff5f1fe2a0 00007fff872c5231
0x00007fff5f1fe290:   00007fff763e8dd0 0000000000000000
0x00007fff5f1fe2a0:   00007fff5f1fe2c0 0000000000000001
0x00007fff5f1fe2b0:   0003d70300000012 00007f90d2d355b4
0x00007fff5f1fe2c0:   0000000000000000 00007fff86c87e5f
0x00007fff5f1fe2d0:   00007f90d2db95d0 00007fff763e8dd0
0x00007fff5f1fe2e0:   00007fff5f1fe360 00007fff86c9098f
0x00007fff5f1fe2f0:   00007fff5f1fe364 0000000000476f01
0x00007fff5f1fe300:   0000000100a1da00 0000000000000002
0x00007fff5f1fe310:   0000000100a1a000 00007f90d5231332
0x00007fff5f1fe320:   0000000000000003 0000000100a1da00
0x00007fff5f1fe330:   00007fff5f1fe420 00007fff872be2a2
0x00007fff5f1fe340:   00007f90d2e28d70 00007fff5f1fe508
0x00007fff5f1fe350:   0000000000000017 0000000000000000
0x00007fff5f1fe360:   00000000000f4269 00007fff86c88153
0x00007fff5f1fe370:   00007fff00000000 00007f90d2d86c50 

Instructions: (pc=0x000000011a8be58d)
0x000000011a8be56d:   89 df 4c 89 f1 41 ff 90 68 04 00 00 48 8d 05 48
0x000000011a8be57d:   25 03 00 48 8b 30 48 8d 05 36 26 03 00 48 8b 10
0x000000011a8be58d:   48 8b 0b 30 c0 48 89 df ff 91 68 04 00 00 48 8b
0x000000011a8be59d:   03 48 89 df ff 50 78 48 85 c0 74 36 49 89 c6 48 

Register to memory mapping:

RAX=0x000000011a8f0bc0: jScreenNotifySettingsChanged+0 in /Library/Java/JavaVirtualMachines/jdk1.8.0_45.jdk/Contents/Home/jre/lib/libglass.dylib at 0x000000011a8a9000
RBX=0x0000000000000000 is an unknown value
RCX=0xa2001ef22e897bf7 is an unknown value
RDX=0x00007f90d2db96c0 is an unknown value
RSP=0x00007fff5f1fe180 is an unknown value
RBP=0x00007fff5f1fe190 is an unknown value
RSI=0x00007f90d2d276b0 is a global jni handle
RDI=0x0000000000000000 is an unknown value
R8 =0x00007fff5f1fe030 is an unknown value
R9 =0x00007fff77cac300: _thread+0 in /usr/lib/system/libsystem_pthread.dylib at 0x00007fff920ca000
R10=0x0000000000000000 is an unknown value
R11=0x0000000000000246 is an unknown value
R12=0x00007f90d2d35590 is an unknown value
R13=0x00000000000f4269 is an unknown value
R14=0x00007f90d2db95d0 is an unknown value
R15=0x00007fff5f1fe2d0 is an unknown value


Stack: [0x00007fff5ea01000,0x00007fff5f201000],  sp=0x00007fff5f1fe180,  free space=8180k
Native frames: (J=compiled Java code, j=interpreted, Vv=VM code, C=native code)
C  [libglass.dylib+0x1558d]  GlassScreenDidChangeScreenParameters+0x9d
C  [CoreFoundation+0x11ecbc]  __CFNOTIFICATIONCENTER_IS_CALLING_OUT_TO_AN_OBSERVER__+0xc
C  [CoreFoundation+0x10384]  _CFXNotificationPost+0xc44
C  [Foundation+0x2aa1]  -[NSNotificationCenter postNotificationName:object:userInfo:]+0x42
C  [AppKit+0x36595e]  -[NSApplication _reactToScreenInvalidationImmediately:]+0x17b
C  [AppKit+0x36579d]  __44-[NSApplication _reactToScreenInvalidation:]_block_invoke+0x4b
C  [CoreFoundation+0x806ac]  __CFRUNLOOP_IS_CALLING_OUT_TO_A_BLOCK__+0xc
C  [CoreFoundation+0x727b5]  __CFRunLoopDoBlocks+0x155
C  [CoreFoundation+0x722f6]  __CFRunLoopRun+0x716
C  [CoreFoundation+0x71998]  CFRunLoopRunSpecific+0x128
C  [java+0x6490]  CreateExecutionEnvironment+0x367
C  [java+0x221c]  JLI_Launch+0x7a0
C  [java+0x84ed]  main+0x65
C  [java+0x1a74]  start+0x34


---------------  P R O C E S S  ---------------

VM state:not at safepoint (normal execution)

VM Mutex/Monitor currently owned by a thread: None

Heap:
 PSYoungGen      total 38400K, used 33166K [0x0000000795580000, 0x0000000798000000, 0x00000007c0000000)
  eden space 33280K, 88% used [0x0000000795580000,0x000000079721df90,0x0000000797600000)
  from space 5120K, 75% used [0x0000000797600000,0x00000007979c5ac0,0x0000000797b00000)
  to   space 5120K, 0% used [0x0000000797b00000,0x0000000797b00000,0x0000000798000000)
 ParOldGen       total 87552K, used 24K [0x0000000740000000, 0x0000000745580000, 0x0000000795580000)
  object space 87552K, 0% used [0x0000000740000000,0x0000000740006000,0x0000000745580000)
 Metaspace       used 13791K, capacity 14396K, committed 14592K, reserved 1062912K
  class space    used 1732K, capacity 1935K, committed 2048K, reserved 1048576K

Card table byte_map: [0x00000001117c0000,0x0000000111bc1000] byte_map_base: 0x000000010ddc0000

Marking Bits: (ParMarkBitMap*) 0x00000001013c07a0
 Begin Bits: [0x0000000112278000, 0x0000000114278000)
 End Bits:   [0x0000000114278000, 0x0000000116278000)

Polling page: 0x0000000101bc4000

CodeCache: size=245760Kb used=10031Kb max_used=10041Kb free=235728Kb
 bounds [0x0000000102400000, 0x0000000102de0000, 0x0000000111400000]
 total_blobs=3555 nmethods=2944 adapters=523
 compilation: enabled

Compilation events (10 events):
Event: 28.822 Thread 0x00007f90d400c000 2941   !   3       com.sun.javafx.application.PlatformImpl::runLater (100 bytes)
Event: 28.824 Thread 0x00007f90d400c000 nmethod 2941 0x0000000102dcd610 code [0x0000000102dcd940, 0x0000000102dcf438]
Event: 28.824 Thread 0x00007f90d400c000 2942       3       javafx.application.Platform::runLater (5 bytes)
Event: 28.824 Thread 0x00007f90d400c000 nmethod 2942 0x0000000102dc6450 code [0x0000000102dc65c0, 0x0000000102dc6788]
Event: 35.677 Thread 0x00007f90d304b000 2943   !   4       com.sun.javafx.application.PlatformImpl::runLater (100 bytes)
Event: 35.692 Thread 0x00007f90d304b000 nmethod 2943 0x0000000102dd40d0 code [0x0000000102dd4320, 0x0000000102dd53b0]
Event: 35.854 Thread 0x00007f90d400b000 2944       4       javafx.application.Platform::runLater (5 bytes)
Event: 35.855 Thread 0x00007f90d400b000 nmethod 2944 0x0000000102dd11d0 code [0x0000000102dd1320, 0x0000000102dd1388]
Event: 87.504 Thread 0x00007f90d400c000 2945 % !   3       application.Timer::run @ 0 (54 bytes)
Event: 87.504 Thread 0x00007f90d400c000 nmethod 2945% 0x0000000102dca150 code [0x0000000102dca380, 0x0000000102dcad98]

GC Heap History (2 events):
Event: 5.977 GC heap before
{Heap before GC invocations=1 (full 0):
 PSYoungGen      total 38400K, used 33280K [0x0000000795580000, 0x0000000798000000, 0x00000007c0000000)
  eden space 33280K, 100% used [0x0000000795580000,0x0000000797600000,0x0000000797600000)
  from space 5120K, 0% used [0x0000000797b00000,0x0000000797b00000,0x0000000798000000)
  to   space 5120K, 0% used [0x0000000797600000,0x0000000797600000,0x0000000797b00000)
 ParOldGen       total 87552K, used 0K [0x0000000740000000, 0x0000000745580000, 0x0000000795580000)
  object space 87552K, 0% used [0x0000000740000000,0x0000000740000000,0x0000000745580000)
 Metaspace       used 13228K, capacity 13802K, committed 13952K, reserved 1060864K
  class space    used 1713K, capacity 1914K, committed 1920K, reserved 1048576K
Event: 5.985 GC heap after
Heap after GC invocations=1 (full 0):
 PSYoungGen      total 38400K, used 3862K [0x0000000795580000, 0x0000000798000000, 0x00000007c0000000)
  eden space 33280K, 0% used [0x0000000795580000,0x0000000795580000,0x0000000797600000)
  from space 5120K, 75% used [0x0000000797600000,0x00000007979c5ac0,0x0000000797b00000)
  to   space 5120K, 0% used [0x0000000797b00000,0x0000000797b00000,0x0000000798000000)
 ParOldGen       total 87552K, used 24K [0x0000000740000000, 0x0000000745580000, 0x0000000795580000)
  object space 87552K, 0% used [0x0000000740000000,0x0000000740006000,0x0000000745580000)
 Metaspace       used 13228K, capacity 13802K, committed 13952K, reserved 1060864K
  class space    used 1713K, capacity 1914K, committed 1920K, reserved 1048576K
}

Deoptimization events (10 events):
Event: 28.658 Thread 0x00007f90d3829000 Uncommon trap: reason=unstable_if action=reinterpret pc=0x0000000102bed8d4 method=com.sun.javafx.application.PlatformImpl.checkIdle()V @ 40
Event: 28.659 Thread 0x00007f90d3829000 Uncommon trap: reason=unstable_if action=reinterpret pc=0x0000000102c31fb4 method=java.security.AccessControlContext.optimize()Ljava/security/AccessControlContext; @ 83
Event: 28.659 Thread 0x00007f90d3829000 Uncommon trap: reason=unstable_if action=reinterpret pc=0x0000000102b621b8 method=java.security.AccessControlContext.combine([Ljava/security/ProtectionDomain;[Ljava/security/ProtectionDomain;)[Ljava/security/ProtectionDomain; @ 11
Event: 28.659 Thread 0x00007f90d3829000 Uncommon trap: reason=bimorphic action=maybe_recompile pc=0x0000000102c0a0d4 method=com.sun.javafx.application.PlatformImpl.lambda$null$170(Ljava/lang/Runnable;)Ljava/lang/Void; @ 1
Event: 28.660 Thread 0x00007f90d3829000 Uncommon trap: reason=bimorphic action=maybe_recompile pc=0x0000000102c0a0d4 method=com.sun.javafx.application.PlatformImpl.lambda$null$170(Ljava/lang/Runnable;)Ljava/lang/Void; @ 1
Event: 28.660 Thread 0x00007f90d3804000 Uncommon trap: reason=unstable_if action=reinterpret pc=0x0000000102bec2b4 method=java.security.AccessControlContext.optimize()Ljava/security/AccessControlContext; @ 49
Event: 28.660 Thread 0x00007f90d3829000 Uncommon trap: reason=class_check action=maybe_recompile pc=0x0000000102c065b4 method=java.util.ArrayList.<init>(Ljava/util/Collection;)V @ 6
Event: 28.661 Thread 0x00007f90d315e800 Uncommon trap: reason=unstable_if action=reinterpret pc=0x0000000102c33ac0 method=com.sun.javafx.application.PlatformImpl.runLater(Ljava/lang/Runnable;Z)V @ 57
Event: 28.661 Thread 0x00007f90d3829000 Uncommon trap: reason=unstable_if action=reinterpret pc=0x0000000102a4ed74 method=java.util.concurrent.locks.ReentrantLock$Sync.tryRelease(I)Z @ 28
Event: 28.661 Thread 0x00007f90d3161000 Uncommon trap: reason=unstable_if action=reinterpret pc=0x0000000102ce4164 method=java.util.concurrent.locks.AbstractQueuedSynchronizer$ConditionObject.checkInterruptWhileWaiting(Ljava/util/concurrent/locks/AbstractQueuedSynchronizer$Node;)I @ 3

Internal exceptions (10 events):
Event: 0.147 Thread 0x00007f90d3804000 Exception <a 'java/security/PrivilegedActionException'> (0x000000079590ff18) thrown at [/Users/java_re/workspace/8-2-build-macosx-x86_64/jdk8u45/3457/hotspot/src/share/vm/prims/jvm.cpp, line 1382]
Event: 0.147 Thread 0x00007f90d3804000 Exception <a 'java/lang/NullPointerException'> (0x00000007959106b0) thrown at [/Users/java_re/workspace/8-2-build-macosx-x86_64/jdk8u45/3457/hotspot/src/share/vm/interpreter/linkResolver.cpp, line 1178]
Event: 0.430 Thread 0x00007f90d3829000 Exception <a 'java/lang/NullPointerException'> (0x000000079627c238) thrown at [/Users/java_re/workspace/8-2-build-macosx-x86_64/jdk8u45/3457/hotspot/src/share/vm/interpreter/linkResolver.cpp, line 1178]
Event: 0.430 Thread 0x00007f90d3829000 Exception <a 'java/lang/NullPointerException'> (0x000000079627c238) thrown at [/Users/java_re/workspace/8-2-build-macosx-x86_64/jdk8u45/3457/hotspot/src/share/vm/prims/jvm.cpp, line 1386]
Event: 0.538 Thread 0x00007f90d3829000 Implicit null exception at 0x0000000102646b35 to 0x0000000102646d2d
Event: 18.431 Thread 0x00007f90d3161000 Implicit null exception at 0x0000000102b0de2c to 0x0000000102b0dea9
Event: 19.292 Thread 0x00007f90d32e6800 Exception <a 'java/lang/InterruptedException': sleep interrupted> (0x0000000796512280) thrown at [/Users/java_re/workspace/8-2-build-macosx-x86_64/jdk8u45/3457/hotspot/src/share/vm/prims/jvm.cpp, line 3211]
Event: 28.659 Thread 0x00007f90d3829000 Implicit null exception at 0x0000000102c3151c to 0x0000000102c31fa1
Event: 28.659 Thread 0x00007f90d3829000 Implicit null exception at 0x0000000102b61f1a to 0x0000000102b621a1
Event: 28.660 Thread 0x00007f90d3804000 Implicit null exception at 0x0000000102bebde9 to 0x0000000102bec29d

Events (10 events):
Event: 28.661 Thread 0x00007f90d3829000 Uncommon trap: trap_request=0xffffff65 fr.pc=0x0000000102a4ed74
Event: 28.661 Thread 0x00007f90d3829000 DEOPT PACKING pc=0x0000000102a4ed74 sp=0x00007fff5f1fb7f0
Event: 28.661 Thread 0x00007f90d3161000 Uncommon trap: trap_request=0xffffff65 fr.pc=0x0000000102ce4164
Event: 28.661 Thread 0x00007f90d3829000 DEOPT UNPACKING pc=0x0000000102405229 sp=0x00007fff5f1fb6e0 mode 2
Event: 28.661 Thread 0x00007f90d3161000 DEOPT PACKING pc=0x0000000102ce4164 sp=0x000000011a43b5a0
Event: 28.661 Thread 0x00007f90d3161000 DEOPT UNPACKING pc=0x0000000102405229 sp=0x000000011a43b518 mode 2
Event: 28.661 loading class com/sun/javafx/tk/quantum/QuantumToolkit
Event: 28.661 loading class com/sun/javafx/tk/quantum/QuantumToolkit done
Event: 28.661 Thread 0x00007f90d3161000 Thread exited: 0x00007f90d3161000
Event: 28.662 Thread 0x00007f90d3829000 Thread exited: 0x00007f90d3829000


Dynamic libraries:
0x00000000060c7000 	/System/Library/Frameworks/Cocoa.framework/Versions/A/Cocoa
0x00000000060c7000 	/System/Library/Frameworks/Security.framework/Versions/A/Security
0x00000000060c7000 	/System/Library/Frameworks/ApplicationServices.framework/Versions/A/ApplicationServices
0x00000000060c7000 	/usr/lib/libz.1.dylib
0x00000000060c7000 	/usr/lib/libSystem.B.dylib
0x00000000060c7000 	/usr/lib/libobjc.A.dylib
0x00000000060c7000 	/System/Library/Frameworks/CoreFoundation.framework/Versions/A/CoreFoundation
0x00000000060c7000 	/System/Library/Frameworks/Foundation.framework/Versions/C/Foundation
0x00000000060c7000 	/System/Library/Frameworks/AppKit.framework/Versions/C/AppKit
0x00000000060c7000 	/System/Library/Frameworks/CoreData.framework/Versions/A/CoreData
0x00000000060c7000 	/System/Library/PrivateFrameworks/RemoteViewServices.framework/Versions/A/RemoteViewServices
0x00000000060c7000 	/System/Library/PrivateFrameworks/UIFoundation.framework/Versions/A/UIFoundation
0x00000000060c7000 	/System/Library/Frameworks/IOSurface.framework/Versions/A/IOSurface
0x00000000060c7000 	/System/Library/Frameworks/AudioToolbox.framework/Versions/A/AudioToolbox
0x00000000060c7000 	/System/Library/Frameworks/AudioUnit.framework/Versions/A/AudioUnit
0x00000000060c7000 	/System/Library/PrivateFrameworks/DataDetectorsCore.framework/Versions/A/DataDetectorsCore
0x00000000060c7000 	/System/Library/PrivateFrameworks/DesktopServicesPriv.framework/Versions/A/DesktopServicesPriv
0x00000000060c7000 	/System/Library/Frameworks/Carbon.framework/Versions/A/Frameworks/HIToolbox.framework/Versions/A/HIToolbox
0x00000000060c7000 	/System/Library/Frameworks/QuartzCore.framework/Versions/A/QuartzCore
0x00000000060c7000 	/System/Library/Frameworks/Carbon.framework/Versions/A/Frameworks/SpeechRecognition.framework/Versions/A/SpeechRecognition
0x00000000060c7000 	/usr/lib/libauto.dylib
0x00000000060c7000 	/usr/lib/libicucore.A.dylib
0x00000000060c7000 	/usr/lib/libxml2.2.dylib
0x00000000060c7000 	/System/Library/PrivateFrameworks/CoreUI.framework/Versions/A/CoreUI
0x00000000060c7000 	/System/Library/Frameworks/CoreAudio.framework/Versions/A/CoreAudio
0x00000000060c7000 	/System/Library/Frameworks/DiskArbitration.framework/Versions/A/DiskArbitration
0x00000000060c7000 	/usr/lib/liblangid.dylib
0x00000000060c7000 	/System/Library/PrivateFrameworks/MultitouchSupport.framework/Versions/A/MultitouchSupport
0x00000000060c7000 	/System/Library/Frameworks/IOKit.framework/Versions/A/IOKit
0x00000000060c7000 	/usr/lib/libDiagnosticMessagesClient.dylib
0x00000000060c7000 	/System/Library/Frameworks/CoreServices.framework/Versions/A/CoreServices
0x00000000060c7000 	/System/Library/PrivateFrameworks/PerformanceAnalysis.framework/Versions/A/PerformanceAnalysis
0x00000000060c7000 	/System/Library/PrivateFrameworks/GenerationalStorage.framework/Versions/A/GenerationalStorage
0x00000000060c7000 	/System/Library/Frameworks/OpenGL.framework/Versions/A/OpenGL
0x00000000060c7000 	/System/Library/PrivateFrameworks/Sharing.framework/Versions/A/Sharing
0x00000000060c7000 	/System/Library/Frameworks/CoreGraphics.framework/Versions/A/CoreGraphics
0x00000000060c7000 	/System/Library/Frameworks/CoreText.framework/Versions/A/CoreText
0x00000000060c7000 	/System/Library/Frameworks/ImageIO.framework/Versions/A/ImageIO
0x00000000060c7000 	/usr/lib/libextension.dylib
0x00000000060c7000 	/System/Library/PrivateFrameworks/Backup.framework/Versions/A/Backup
0x00000000060c7000 	/usr/lib/libarchive.2.dylib
0x00000000060c7000 	/System/Library/Frameworks/CFNetwork.framework/Versions/A/CFNetwork
0x00000000060c7000 	/System/Library/Frameworks/SystemConfiguration.framework/Versions/A/SystemConfiguration
0x00000000060c7000 	/usr/lib/libCRFSuite.dylib
0x00000000060c7000 	/usr/lib/libc++.1.dylib
0x00000000060c7000 	/usr/lib/libc++abi.dylib
0x00000000060c7000 	/usr/lib/system/libcache.dylib
0x00000000060c7000 	/usr/lib/system/libcommonCrypto.dylib
0x00000000060c7000 	/usr/lib/system/libcompiler_rt.dylib
0x00000000060c7000 	/usr/lib/system/libcopyfile.dylib
0x00000000060c7000 	/usr/lib/system/libcorecrypto.dylib
0x00000000060c7000 	/usr/lib/system/libdispatch.dylib
0x00000000060c7000 	/usr/lib/system/libdyld.dylib
0x00000000060c7000 	/usr/lib/system/libkeymgr.dylib
0x00000000060c7000 	/usr/lib/system/liblaunch.dylib
0x00000000060c7000 	/usr/lib/system/libmacho.dylib
0x00000000060c7000 	/usr/lib/system/libquarantine.dylib
0x00000000060c7000 	/usr/lib/system/libremovefile.dylib
0x00000000060c7000 	/usr/lib/system/libsystem_asl.dylib
0x00000000060c7000 	/usr/lib/system/libsystem_blocks.dylib
0x00000000060c7000 	/usr/lib/system/libsystem_c.dylib
0x00000000060c7000 	/usr/lib/system/libsystem_configuration.dylib
0x00000000060c7000 	/usr/lib/system/libsystem_coreservices.dylib
0x00000000060c7000 	/usr/lib/system/libsystem_coretls.dylib
0x00000000060c7000 	/usr/lib/system/libsystem_dnssd.dylib
0x00000000060c7000 	/usr/lib/system/libsystem_info.dylib
0x00000000060c7000 	/usr/lib/system/libsystem_kernel.dylib
0x00000000060c7000 	/usr/lib/system/libsystem_m.dylib
0x00000000060c7000 	/usr/lib/system/libsystem_malloc.dylib
0x00000000060c7000 	/usr/lib/system/libsystem_network.dylib
0x00000000060c7000 	/usr/lib/system/libsystem_networkextension.dylib
0x00000000060c7000 	/usr/lib/system/libsystem_notify.dylib
0x00000000060c7000 	/usr/lib/system/libsystem_platform.dylib
0x00000000060c7000 	/usr/lib/system/libsystem_pthread.dylib
0x00000000060c7000 	/usr/lib/system/libsystem_sandbox.dylib
0x00000000060c7000 	/usr/lib/system/libsystem_secinit.dylib
0x00000000060c7000 	/usr/lib/system/libsystem_stats.dylib
0x00000000060c7000 	/usr/lib/system/libsystem_trace.dylib
0x00000000060c7000 	/usr/lib/system/libunc.dylib
0x00000000060c7000 	/usr/lib/system/libunwind.dylib
0x00000000060c7000 	/usr/lib/system/libxpc.dylib
0x00000000060c7000 	/usr/lib/libbz2.1.0.dylib
0x00000000060c7000 	/usr/lib/liblzma.5.dylib
0x00000000060c7000 	/usr/lib/libbsm.0.dylib
0x00000000060c7000 	/usr/lib/libsqlite3.dylib
0x00000000060c7000 	/usr/lib/system/libkxld.dylib
0x00000000060c7000 	/usr/lib/libxar.1.dylib
0x00000000060c7000 	/usr/lib/libpam.2.dylib
0x00000000060c7000 	/usr/lib/libOpenScriptingUtil.dylib
0x00000000060c7000 	/System/Library/Frameworks/CoreServices.framework/Versions/A/Frameworks/FSEvents.framework/Versions/A/FSEvents
0x00000000060c7000 	/System/Library/Frameworks/CoreServices.framework/Versions/A/Frameworks/CarbonCore.framework/Versions/A/CarbonCore
0x00000000060c7000 	/System/Library/Frameworks/CoreServices.framework/Versions/A/Frameworks/Metadata.framework/Versions/A/Metadata
0x00000000060c7000 	/System/Library/Frameworks/CoreServices.framework/Versions/A/Frameworks/OSServices.framework/Versions/A/OSServices
0x00000000060c7000 	/System/Library/Frameworks/CoreServices.framework/Versions/A/Frameworks/SearchKit.framework/Versions/A/SearchKit
0x00000000060c7000 	/System/Library/Frameworks/CoreServices.framework/Versions/A/Frameworks/AE.framework/Versions/A/AE
0x00000000060c7000 	/System/Library/Frameworks/CoreServices.framework/Versions/A/Frameworks/LaunchServices.framework/Versions/A/LaunchServices
0x00000000060c7000 	/System/Library/Frameworks/CoreServices.framework/Versions/A/Frameworks/DictionaryServices.framework/Versions/A/DictionaryServices
0x00000000060c7000 	/System/Library/Frameworks/NetFS.framework/Versions/A/NetFS
0x00000000060c7000 	/System/Library/PrivateFrameworks/NetAuth.framework/Versions/A/NetAuth
0x00000000060c7000 	/System/Library/PrivateFrameworks/login.framework/Versions/A/Frameworks/loginsupport.framework/Versions/A/loginsupport
0x00000000060c7000 	/System/Library/PrivateFrameworks/TCC.framework/Versions/A/TCC
0x00000000060c7000 	/usr/lib/libmecabra.dylib
0x00000000060c7000 	/System/Library/Frameworks/ApplicationServices.framework/Versions/A/Frameworks/ATS.framework/Versions/A/ATS
0x00000000060c7000 	/System/Library/Frameworks/ApplicationServices.framework/Versions/A/Frameworks/ColorSync.framework/Versions/A/ColorSync
0x00000000060c7000 	/System/Library/Frameworks/ApplicationServices.framework/Versions/A/Frameworks/HIServices.framework/Versions/A/HIServices
0x00000000060c7000 	/System/Library/Frameworks/ApplicationServices.framework/Versions/A/Frameworks/LangAnalysis.framework/Versions/A/LangAnalysis
0x00000000060c7000 	/System/Library/Frameworks/ApplicationServices.framework/Versions/A/Frameworks/PrintCore.framework/Versions/A/PrintCore
0x00000000060c7000 	/System/Library/Frameworks/ApplicationServices.framework/Versions/A/Frameworks/QD.framework/Versions/A/QD
0x00000000060c7000 	/System/Library/Frameworks/ApplicationServices.framework/Versions/A/Frameworks/SpeechSynthesis.framework/Versions/A/SpeechSynthesis
0x00000000060c7000 	/System/Library/Frameworks/Accelerate.framework/Versions/A/Accelerate
0x00000000060c7000 	/System/Library/Frameworks/Accelerate.framework/Versions/A/Frameworks/vImage.framework/Versions/A/vImage
0x00000000060c7000 	/System/Library/Frameworks/Accelerate.framework/Versions/A/Frameworks/vecLib.framework/Versions/A/vecLib
0x00000000060c7000 	/System/Library/Frameworks/Accelerate.framework/Versions/A/Frameworks/vecLib.framework/Versions/A/libvDSP.dylib
0x00000000060c7000 	/System/Library/Frameworks/Accelerate.framework/Versions/A/Frameworks/vecLib.framework/Versions/A/libvMisc.dylib
0x00000000060c7000 	/System/Library/Frameworks/Accelerate.framework/Versions/A/Frameworks/vecLib.framework/Versions/A/libLAPACK.dylib
0x00000000060c7000 	/System/Library/Frameworks/Accelerate.framework/Versions/A/Frameworks/vecLib.framework/Versions/A/libBLAS.dylib
0x00000000060c7000 	/System/Library/Frameworks/Accelerate.framework/Versions/A/Frameworks/vecLib.framework/Versions/A/libLinearAlgebra.dylib
0x00000000060c7000 	/System/Library/Frameworks/ApplicationServices.framework/Versions/A/Frameworks/ATS.framework/Versions/A/Resources/libFontParser.dylib
0x00000000060c7000 	/System/Library/Frameworks/ApplicationServices.framework/Versions/A/Frameworks/ATS.framework/Versions/A/Resources/libFontRegistry.dylib
0x00000000060c7000 	/System/Library/PrivateFrameworks/AppleVPA.framework/Versions/A/AppleVPA
0x00000000060c7000 	/System/Library/PrivateFrameworks/AppleJPEG.framework/Versions/A/AppleJPEG
0x00000000060c7000 	/System/Library/Frameworks/ImageIO.framework/Versions/A/Resources/libJPEG.dylib
0x00000000060c7000 	/System/Library/Frameworks/ImageIO.framework/Versions/A/Resources/libTIFF.dylib
0x00000000060c7000 	/System/Library/Frameworks/ImageIO.framework/Versions/A/Resources/libPng.dylib
0x00000000060c7000 	/System/Library/Frameworks/ImageIO.framework/Versions/A/Resources/libGIF.dylib
0x00000000060c7000 	/System/Library/Frameworks/ImageIO.framework/Versions/A/Resources/libJP2.dylib
0x00000000060c7000 	/System/Library/Frameworks/ImageIO.framework/Versions/A/Resources/libRadiance.dylib
0x00000000060c7000 	/System/Library/Frameworks/CoreVideo.framework/Versions/A/CoreVideo
0x00000000060c7000 	/System/Library/Frameworks/OpenGL.framework/Versions/A/Libraries/libGLU.dylib
0x00000000060c7000 	/System/Library/Frameworks/OpenGL.framework/Versions/A/Libraries/libGFXShared.dylib
0x00000000060c7000 	/System/Library/Frameworks/OpenGL.framework/Versions/A/Libraries/libGL.dylib
0x00000000060c7000 	/System/Library/Frameworks/OpenGL.framework/Versions/A/Libraries/libGLImage.dylib
0x00000000060c7000 	/System/Library/Frameworks/OpenGL.framework/Versions/A/Libraries/libCVMSPluginSupport.dylib
0x00000000060c7000 	/System/Library/Frameworks/OpenGL.framework/Versions/A/Libraries/libCoreVMClient.dylib
0x00000000060c7000 	/usr/lib/libcups.2.dylib
0x00000000060c7000 	/System/Library/Frameworks/Kerberos.framework/Versions/A/Kerberos
0x00000000060c7000 	/System/Library/Frameworks/GSS.framework/Versions/A/GSS
0x00000000060c7000 	/usr/lib/libresolv.9.dylib
0x00000000060c7000 	/usr/lib/libiconv.2.dylib
0x00000000060c7000 	/System/Library/PrivateFrameworks/Heimdal.framework/Versions/A/Heimdal
0x00000000060c7000 	/usr/lib/libheimdal-asn1.dylib
0x00000000060c7000 	/System/Library/Frameworks/OpenDirectory.framework/Versions/A/OpenDirectory
0x00000000060c7000 	/System/Library/PrivateFrameworks/CommonAuth.framework/Versions/A/CommonAuth
0x00000000060c7000 	/System/Library/Frameworks/OpenDirectory.framework/Versions/A/Frameworks/CFOpenDirectory.framework/Versions/A/CFOpenDirectory
0x00000000060c7000 	/System/Library/Frameworks/SecurityFoundation.framework/Versions/A/SecurityFoundation
0x00000000060c7000 	/System/Library/PrivateFrameworks/LanguageModeling.framework/Versions/A/LanguageModeling
0x00000000060c7000 	/usr/lib/libcmph.dylib
0x00000000060c7000 	/System/Library/Frameworks/ServiceManagement.framework/Versions/A/ServiceManagement
0x00000000060c7000 	/usr/lib/libxslt.1.dylib
0x00000000060c7000 	/System/Library/Frameworks/Carbon.framework/Versions/A/Frameworks/Ink.framework/Versions/A/Ink
0x00000000060c7000 	/System/Library/Frameworks/QuartzCore.framework/Versions/A/Frameworks/CoreImage.framework/Versions/A/CoreImage
0x00000000060c7000 	/System/Library/PrivateFrameworks/CrashReporterSupport.framework/Versions/A/CrashReporterSupport
0x00000000060c7000 	/System/Library/Frameworks/OpenCL.framework/Versions/A/OpenCL
0x00000000060c7000 	/System/Library/PrivateFrameworks/FaceCore.framework/Versions/A/FaceCore
0x00000000060c7000 	/System/Library/PrivateFrameworks/Ubiquity.framework/Versions/A/Ubiquity
0x00000000060c7000 	/System/Library/PrivateFrameworks/IconServices.framework/Versions/A/IconServices
0x00000000060c7000 	/System/Library/PrivateFrameworks/ChunkingLibrary.framework/Versions/A/ChunkingLibrary
0x00000000060c7000 	/System/Library/PrivateFrameworks/Apple80211.framework/Versions/A/Apple80211
0x00000000060c7000 	/System/Library/Frameworks/CoreWLAN.framework/Versions/A/CoreWLAN
0x00000000060c7000 	/System/Library/Frameworks/IOBluetooth.framework/Versions/A/IOBluetooth
0x00000000060c7000 	/System/Library/PrivateFrameworks/CoreWiFi.framework/Versions/A/CoreWiFi
0x00000000060c7000 	/System/Library/Frameworks/CoreBluetooth.framework/Versions/A/CoreBluetooth
0x00000000060c7000 	/System/Library/PrivateFrameworks/DebugSymbols.framework/Versions/A/DebugSymbols
0x00000000060c7000 	/System/Library/PrivateFrameworks/CoreSymbolication.framework/Versions/A/CoreSymbolication
0x00000000060c7000 	/System/Library/PrivateFrameworks/Symbolication.framework/Versions/A/Symbolication
0x00000000060c7000 	/System/Library/PrivateFrameworks/SpeechRecognitionCore.framework/Versions/A/SpeechRecognitionCore
0x0000000100afe000 	/Library/Java/JavaVirtualMachines/jdk1.8.0_45.jdk/Contents/Home/jre/lib/server/libjvm.dylib
0x00000000060c7000 	/usr/lib/libstdc++.6.dylib
0x0000000101b81000 	/Library/Java/JavaVirtualMachines/jdk1.8.0_45.jdk/Contents/Home/jre/lib/libverify.dylib
0x0000000101b8f000 	/Library/Java/JavaVirtualMachines/jdk1.8.0_45.jdk/Contents/Home/jre/lib/libjava.dylib
0x0000000101bce000 	/Library/Java/JavaVirtualMachines/jdk1.8.0_45.jdk/Contents/Home/jre/lib/libzip.dylib
0x000000011844f000 	/System/Library/Frameworks/JavaVM.framework/Frameworks/JavaRuntimeSupport.framework/JavaRuntimeSupport
0x0000000118465000 	/System/Library/Frameworks/JavaVM.framework/Versions/A/Frameworks/JavaNativeFoundation.framework/Versions/A/JavaNativeFoundation
0x0000000118479000 	/System/Library/Frameworks/JavaVM.framework/Versions/A/JavaVM
0x00000000060c7000 	/System/Library/Frameworks/Carbon.framework/Versions/A/Carbon
0x0000000118485000 	/System/Library/PrivateFrameworks/JavaLaunching.framework/Versions/A/JavaLaunching
0x00000000060c7000 	/System/Library/Frameworks/Carbon.framework/Versions/A/Frameworks/CommonPanels.framework/Versions/A/CommonPanels
0x00000000060c7000 	/System/Library/Frameworks/Carbon.framework/Versions/A/Frameworks/Help.framework/Versions/A/Help
0x00000000060c7000 	/System/Library/Frameworks/Carbon.framework/Versions/A/Frameworks/ImageCapture.framework/Versions/A/ImageCapture
0x00000000060c7000 	/System/Library/Frameworks/Carbon.framework/Versions/A/Frameworks/OpenScripting.framework/Versions/A/OpenScripting
0x00000000060c7000 	/System/Library/Frameworks/Carbon.framework/Versions/A/Frameworks/Print.framework/Versions/A/Print
0x00000000060c7000 	/System/Library/Frameworks/Carbon.framework/Versions/A/Frameworks/SecurityHI.framework/Versions/A/SecurityHI
0x000000011a43e000 	/Library/Java/JavaVirtualMachines/jdk1.8.0_45.jdk/Contents/Home/jre/lib/libprism_es2.dylib
0x00000000060c7000 	/System/Library/Frameworks/OpenGL.framework/Versions/A/Resources/GLEngine.bundle/GLEngine
0x00000000060c7000 	/System/Library/Frameworks/OpenGL.framework/Versions/A/Libraries/libGLProgrammability.dylib
0x0000000000000000 	/System/Library/Extensions/AppleIntelBDWGraphicsGLDriver.bundle/Contents/MacOS/AppleIntelBDWGraphicsGLDriver
0x00000000060c7000 	/System/Library/PrivateFrameworks/IOAccelerator.framework/Versions/A/IOAccelerator
0x00000000060c7000 	/System/Library/PrivateFrameworks/GPUSupport.framework/Versions/A/Libraries/libGPUSupportMercury.dylib
0x00000000060c7000 	/System/Library/Frameworks/OpenGL.framework/Versions/A/Libraries//libLLVMContainer.dylib
0x00000000060c7000 	/System/Library/Frameworks/OpenGL.framework/Versions/A/Resources/GLRendererFloat.bundle/GLRendererFloat
0x00000000060c7000 	/System/Library/Frameworks/OpenCL.framework/Versions/A/Libraries/libcldcpuengine.dylib
0x00000000060c7000 	/System/Library/PrivateFrameworks/DiskImages.framework/Versions/A/DiskImages
0x00000000060c7000 	/System/Library/Frameworks/DiscRecording.framework/Versions/A/DiscRecording
0x00000000060c7000 	/usr/lib/libcsfde.dylib
0x00000000060c7000 	/usr/lib/libcurl.4.dylib
0x00000000060c7000 	/System/Library/PrivateFrameworks/MediaKit.framework/Versions/A/MediaKit
0x00000000060c7000 	/System/Library/PrivateFrameworks/ProtectedCloudStorage.framework/Versions/A/ProtectedCloudStorage
0x00000000060c7000 	/usr/lib/libCoreStorage.dylib
0x00000000060c7000 	/System/Library/PrivateFrameworks/EFILogin.framework/Versions/A/EFILogin
0x00000000060c7000 	/usr/lib/libutil.dylib
0x00000000060c7000 	/System/Library/PrivateFrameworks/FindMyDevice.framework/Versions/A/FindMyDevice
0x00000000060c7000 	/System/Library/Frameworks/LDAP.framework/Versions/A/LDAP
0x00000000060c7000 	/usr/lib/libsasl2.2.dylib
0x00000000060c7000 	/System/Library/PrivateFrameworks/CoreDaemon.framework/Versions/B/CoreDaemon
0x00000000060c7000 	/usr/lib/libcrypto.0.9.8.dylib
0x00000000060c7000 	/System/Library/PrivateFrameworks/AppleSRP.framework/Versions/A/AppleSRP
0x00000000060c7000 	/System/Library/PrivateFrameworks/TrustEvaluationAgent.framework/Versions/A/TrustEvaluationAgent
0x000000011a8a9000 	/Library/Java/JavaVirtualMachines/jdk1.8.0_45.jdk/Contents/Home/jre/lib/libglass.dylib
0x00000000060c7000 	/System/Library/PrivateFrameworks/CoreServicesInternal.framework/Versions/A/CoreServicesInternal
0x00000000060c7000 	/System/Library/PrivateFrameworks/CloudDocs.framework/Versions/A/CloudDocs
0x00000000060c7000 	/System/Library/PrivateFrameworks/CoreDuet.framework/Versions/A/CoreDuet
0x00000000060c7000 	/System/Library/Frameworks/CloudKit.framework/Versions/A/CloudKit
0x00000000060c7000 	/System/Library/PrivateFrameworks/ProtocolBuffer.framework/Versions/A/ProtocolBuffer
0x00000000060c7000 	/System/Library/PrivateFrameworks/CoreDuetDaemonProtocol.framework/Versions/A/CoreDuetDaemonProtocol
0x00000000060c7000 	/System/Library/PrivateFrameworks/CoreDuetDebugLogging.framework/Versions/A/CoreDuetDebugLogging
0x00000000060c7000 	/System/Library/Frameworks/CoreLocation.framework/Versions/A/CoreLocation
0x00000000060c7000 	/System/Library/Frameworks/Accounts.framework/Versions/A/Accounts
0x00000000060c7000 	/System/Library/PrivateFrameworks/ApplePushService.framework/Versions/A/ApplePushService
0x00000000060c7000 	/System/Library/PrivateFrameworks/GeoServices.framework/Versions/A/GeoServices
0x00000000060c7000 	/System/Library/PrivateFrameworks/OAuth.framework/Versions/A/OAuth
0x00000000060c7000 	/System/Library/Frameworks/CoreGraphics.framework/Versions/A/Resources/libCGCMS.A.dylib
0x000000011bcd6000 	/System/Library/CoreServices/RawCamera.bundle/Contents/MacOS/RawCamera
0x00000000060c7000 	/System/Library/Frameworks/CoreGraphics.framework/Versions/A/Resources/libRIP.A.dylib
0x00000000060c7000 	/System/Library/PrivateFrameworks/FamilyControls.framework/Versions/A/FamilyControls
0x00000000060c7000 	/System/Library/PrivateFrameworks/CommerceKit.framework/Versions/A/Frameworks/CommerceCore.framework/Versions/A/CommerceCore
0x00000000060c7000 	/System/Library/PrivateFrameworks/SystemAdministration.framework/Versions/A/SystemAdministration
0x00000000060c7000 	/System/Library/PrivateFrameworks/AppContainer.framework/Versions/A/AppContainer
0x00000000060c7000 	/System/Library/PrivateFrameworks/SecCodeWrapper.framework/Versions/A/SecCodeWrapper
0x00000000060c7000 	/System/Library/Frameworks/DirectoryService.framework/Versions/A/DirectoryService
0x00000000060c7000 	/System/Library/PrivateFrameworks/LoginUIKit.framework/Versions/A/Frameworks/LoginUICore.framework/Versions/A/LoginUICore
0x00000000060c7000 	/usr/lib/libodfde.dylib
0x000000011e3aa000 	/Library/Java/JavaVirtualMachines/jdk1.8.0_45.jdk/Contents/Home/jre/lib/libjavafx_font.dylib
0x00000000060c7000 	/System/Library/Frameworks/CoreGraphics.framework/Versions/A/Resources/libCGXType.A.dylib
0x0000000120102000 	cl_kernels
0x000000012040e000 	/System/Library/Frameworks/OpenCL.framework/Versions/A/Libraries/ImageFormats/unorm8_bgra.dylib
0x0000000120108000 	cl_kernels
0x0000000120662000 	/Library/Java/JavaVirtualMachines/jdk1.8.0_45.jdk/Contents/Home/jre/lib/libprism_common.dylib

VM Arguments:
jvm_args: -Dfile.encoding=UTF-8 
java_command: application.Main
java_class_path (initial): /Users/kevin/git/prog2/MyJavaFX/bin:/Applications/eclipse/plugins/org.eclipse.fx.ide.css.jfx8_1.1.0.201411050807.jar
Launcher Type: SUN_STANDARD

Environment Variables:
PATH=/usr/bin:/bin:/usr/sbin:/sbin
SHELL=/bin/bash

Signal Handlers:
SIGSEGV: [libjvm.dylib+0x58ef95], sa_mask[0]=11111111011111110111111111111111, sa_flags=SA_ONSTACK|SA_RESTART|SA_SIGINFO
SIGBUS: [libjvm.dylib+0x58ef95], sa_mask[0]=11111111011111110111111111111111, sa_flags=SA_RESTART|SA_SIGINFO
SIGFPE: [libjvm.dylib+0x46c108], sa_mask[0]=11111111011111110111111111111111, sa_flags=SA_RESTART|SA_SIGINFO
SIGPIPE: [libjvm.dylib+0x46c108], sa_mask[0]=11111111011111110111111111111111, sa_flags=SA_RESTART|SA_SIGINFO
SIGXFSZ: [libjvm.dylib+0x46c108], sa_mask[0]=11111111011111110111111111111111, sa_flags=SA_RESTART|SA_SIGINFO
SIGILL: [libjvm.dylib+0x46c108], sa_mask[0]=11111111011111110111111111111111, sa_flags=SA_RESTART|SA_SIGINFO
SIGUSR1: SIG_DFL, sa_mask[0]=00000000000000000000000000000000, sa_flags=none
SIGUSR2: [libjvm.dylib+0x46bc26], sa_mask[0]=00100000000000000000000000000000, sa_flags=SA_RESTART|SA_SIGINFO
SIGHUP: [libjvm.dylib+0x46a1f9], sa_mask[0]=11111111011111110111111111111111, sa_flags=SA_RESTART|SA_SIGINFO
SIGINT: [libjvm.dylib+0x46a1f9], sa_mask[0]=11111111011111110111111111111111, sa_flags=SA_RESTART|SA_SIGINFO
SIGTERM: [libjvm.dylib+0x46a1f9], sa_mask[0]=11111111011111110111111111111111, sa_flags=SA_RESTART|SA_SIGINFO
SIGQUIT: [libjvm.dylib+0x46a1f9], sa_mask[0]=11111111011111110111111111111111, sa_flags=SA_RESTART|SA_SIGINFO


---------------  S Y S T E M  ---------------

OS:Bsduname:Darwin 14.1.1 Darwin Kernel Version 14.1.1: Fri Feb  6 21:06:10 PST 2015; root:xnu-2782.15.4~1/RELEASE_X86_64 x86_64
rlimit: STACK 8192k, CORE 0k, NPROC 709, NOFILE 10240, AS infinity
load average:1.31 1.51 1.59

CPU:total 4 (2 cores per cpu, 2 threads per core) family 6 model 61 stepping 4, cmov, cx8, fxsr, mmx, sse, sse2, sse3, ssse3, sse4.1, sse4.2, popcnt, avx, avx2, aes, clmul, erms, 3dnowpref, lzcnt, ht, tsc, tscinvbit, bmi1, bmi2, adx

Memory: 4k page, physical 8388608k(171884k free)

/proc/meminfo:


vm_info: Java HotSpot(TM) 64-Bit Server VM (25.45-b02) for bsd-amd64 JRE (1.8.0_45-b14), built on Apr 10 2015 10:46:38 by "java_re" with gcc 4.2.1 (Based on Apple Inc. build 5658) (LLVM build 2336.11.00)

time: Mon May 11 16:40:31 2015
elapsed time: 88 seconds (0d 0h 1m 28s)

