#
# A fatal error has been detected by the Java Runtime Environment:
#
#  SIGSEGV (0xb) at pc=0x00000001256ee58d, pid=1442, tid=1811
#
# JRE version: Java(TM) SE Runtime Environment (8.0_45-b14) (build 1.8.0_45-b14)
# Java VM: Java HotSpot(TM) 64-Bit Server VM (25.45-b02 mixed mode bsd-amd64 compressed oops)
# Problematic frame:
# C  [libglass.dylib+0x1558d]  GlassScreenDidChangeScreenParameters+0x9d
#
# Failed to write core dump. Core dumps have been disabled. To enable core dumping, try "ulimit -c unlimited" before starting Java again
#
# If you would like to submit a bug report, please visit:
#   http://bugreport.java.com/bugreport/crash.jsp
#

---------------  T H R E A D  ---------------

Current thread is native thread

siginfo: si_signo: 11 (SIGSEGV), si_code: 1 (SEGV_MAPERR), si_addr: 0x0000000000000000

Registers:
RAX=0x0000000125720bc0, RBX=0x0000000000000000, RCX=0xf80094705afd0246, RDX=0x00007f8272da8050
RSP=0x00007fff543ce180, RBP=0x00007fff543ce190, RSI=0x00007f8272d28e40, RDI=0x0000000000000000
R8 =0x00007fff543ce030, R9 =0x00007fff77cac300, R10=0x0000000000000000, R11=0x0000000000000246
R12=0x00007f8272d32ae0, R13=0x00000000000f4269, R14=0x00007f8272da7f60, R15=0x00007fff543ce2d0
RIP=0x00000001256ee58d, EFLAGS=0x0000000000010206, ERR=0x0000000000000004
  TRAPNO=0x000000000000000e

Top of Stack: (sp=0x00007fff543ce180)
0x00007fff543ce180:   00007fff543ce360 00007f8272da7f60
0x00007fff543ce190:   00007fff543ce1a0 00007fff86da0cbc
0x00007fff543ce1a0:   00007fff543ce500 00007fff86c92384
0x00007fff543ce1b0:   00007fff543ce200 0000000000000a00
0x00007fff543ce1c0:   00007fff763eacf0 00007f8272f61330
0x00007fff543ce1d0:   0000000000001001 0000000000000900
0x00007fff543ce1e0:   00007f8272f61330 00007f8272da7f60
0x00007fff543ce1f0:   0000000000000000 00007fff543ce2d0
0x00007fff543ce200:   0000000000000000 00007f8272da7f20
0x00007fff543ce210:   00007fff543ce350 0000000000000060
0x00007fff543ce220:   00000000000f430a 00007f8272f28950
0x00007fff543ce230:   00007f8272e38800 00007f8272d32ae0
0x00007fff543ce240:   0000000000000001 00000000000f4269
0x00007fff543ce250:   00007f8272d32ad0 00007fff872bfacb
0x00007fff543ce260:   0000000000000001 0000000000000001
0x00007fff543ce270:   0000000000000030 0000000000000001
0x00007fff543ce280:   00007fff543ce2a0 00007fff872c5231
0x00007fff543ce290:   00007fff763e8dd0 0000000000000000
0x00007fff543ce2a0:   00007fff543ce2c0 0000000000000010
0x00007fff543ce2b0:   00055a03872bf53e 00007f8272d32b04
0x00007fff543ce2c0:   0000000000000000 00007fff86c87e5f
0x00007fff543ce2d0:   00007f8272da7f60 00007fff763e8dd0
0x00007fff543ce2e0:   00007fff543ce360 0000000000000001
0x00007fff543ce2f0:   00007fff543ce330 00007fff872bf53e
0x00007fff543ce300:   000000010b84da00 0000000000000002
0x00007fff543ce310:   000000010b84a000 00007f8272f5f0d2
0x00007fff543ce320:   0000000000000003 000000010b84e400
0x00007fff543ce330:   00007fff543ce420 00007fff872be2a2
0x00007fff543ce340:   00007f8272e38370 00007fff543ce508
0x00007fff543ce350:   0000000000000017 0000000000000000
0x00007fff543ce360:   00000000000f4269 00007fff86c88153
0x00007fff543ce370:   00007fff00000000 00007f8272d81a30 

Instructions: (pc=0x00000001256ee58d)
0x00000001256ee56d:   89 df 4c 89 f1 41 ff 90 68 04 00 00 48 8d 05 48
0x00000001256ee57d:   25 03 00 48 8b 30 48 8d 05 36 26 03 00 48 8b 10
0x00000001256ee58d:   48 8b 0b 30 c0 48 89 df ff 91 68 04 00 00 48 8b
0x00000001256ee59d:   03 48 89 df ff 50 78 48 85 c0 74 36 49 89 c6 48 

Register to memory mapping:

RAX=0x0000000125720bc0: jScreenNotifySettingsChanged+0 in /Library/Java/JavaVirtualMachines/jdk1.8.0_45.jdk/Contents/Home/jre/lib/libglass.dylib at 0x00000001256d9000
RBX=0x0000000000000000 is an unknown value
RCX=0xf80094705afd0246 is an unknown value
RDX=0x00007f8272da8050 is an unknown value
RSP=0x00007fff543ce180 is an unknown value
RBP=0x00007fff543ce190 is an unknown value
RSI=0x00007f8272d28e40 is a global jni handle
RDI=0x0000000000000000 is an unknown value
R8 =0x00007fff543ce030 is an unknown value
R9 =0x00007fff77cac300: _thread+0 in /usr/lib/system/libsystem_pthread.dylib at 0x00007fff920ca000
R10=0x0000000000000000 is an unknown value
R11=0x0000000000000246 is an unknown value
R12=0x00007f8272d32ae0 is an unknown value
R13=0x00000000000f4269 is an unknown value
R14=0x00007f8272da7f60 is an unknown value
R15=0x00007fff543ce2d0 is an unknown value


Stack: [0x00007fff53bd1000,0x00007fff543d1000],  sp=0x00007fff543ce180,  free space=8180k
Native frames: (J=compiled Java code, j=interpreted, Vv=VM code, C=native code)
C  [libglass.dylib+0x1558d]  GlassScreenDidChangeScreenParameters+0x9d
C  [CoreFoundation+0x11ecbc]  __CFNOTIFICATIONCENTER_IS_CALLING_OUT_TO_AN_OBSERVER__+0xc
C  [CoreFoundation+0x10384]  _CFXNotificationPost+0xc44
C  [Foundation+0x2aa1]  -[NSNotificationCenter postNotificationName:object:userInfo:]+0x42
C  [AppKit+0x36595e]  -[NSApplication _reactToScreenInvalidationImmediately:]+0x17b
C  [AppKit+0x36579d]  __44-[NSApplication _reactToScreenInvalidation:]_block_invoke+0x4b
C  [CoreFoundation+0x806ac]  __CFRUNLOOP_IS_CALLING_OUT_TO_A_BLOCK__+0xc
C  [CoreFoundation+0x727b5]  __CFRunLoopDoBlocks+0x155
C  [CoreFoundation+0x722f6]  __CFRunLoopRun+0x716
C  [CoreFoundation+0x71998]  CFRunLoopRunSpecific+0x128
C  [java+0x6490]  CreateExecutionEnvironment+0x367
C  [java+0x221c]  JLI_Launch+0x7a0
C  [java+0x84ed]  main+0x65
C  [java+0x1a74]  start+0x34


---------------  P R O C E S S  ---------------

VM state:not at safepoint (normal execution)

VM Mutex/Monitor currently owned by a thread: None

Heap:
 PSYoungGen      total 38400K, used 7260K [0x0000000795580000, 0x0000000798000000, 0x00000007c0000000)
  eden space 33280K, 9% used [0x0000000795580000,0x0000000795889fd8,0x0000000797600000)
  from space 5120K, 81% used [0x0000000797b00000,0x0000000797f0d050,0x0000000798000000)
  to   space 5120K, 0% used [0x0000000797600000,0x0000000797600000,0x0000000797b00000)
 ParOldGen       total 87552K, used 32K [0x0000000740000000, 0x0000000745580000, 0x0000000795580000)
  object space 87552K, 0% used [0x0000000740000000,0x0000000740008000,0x0000000745580000)
 Metaspace       used 13698K, capacity 14236K, committed 14464K, reserved 1062912K
  class space    used 1708K, capacity 1909K, committed 1920K, reserved 1048576K

Card table byte_map: [0x000000011c62c000,0x000000011ca2d000] byte_map_base: 0x0000000118c2c000

Marking Bits: (ParMarkBitMap*) 0x000000010cac27a0
 Begin Bits: [0x000000011d0e4000, 0x000000011f0e4000)
 End Bits:   [0x000000011f0e4000, 0x00000001210e4000)

Polling page: 0x000000010b988000

CodeCache: size=245760Kb used=9868Kb max_used=9883Kb free=235891Kb
 bounds [0x000000010d26c000, 0x000000010dc1c000, 0x000000011c26c000]
 total_blobs=3486 nmethods=2896 adapters=503
 compilation: enabled

Compilation events (10 events):
Event: 20.555 Thread 0x00007f8273051000 2893       1       java.lang.invoke.MethodHandle::internalForm (5 bytes)
Event: 20.555 Thread 0x00007f8273051000 nmethod 2893 0x000000010dc0fe10 code [0x000000010dc0ff60, 0x000000010dc10070]
Event: 20.564 Thread 0x00007f8273051000 2894       3       javafx.application.Platform::runLater (5 bytes)
Event: 20.564 Thread 0x00007f8273051000 nmethod 2894 0x000000010dc0a1d0 code [0x000000010dc0a340, 0x000000010dc0a508]
Event: 20.564 Thread 0x00007f8273051000 2895       3       com.sun.javafx.application.PlatformImpl::runLater (6 bytes)
Event: 20.564 Thread 0x00007f8273051000 nmethod 2895 0x000000010dc048d0 code [0x000000010dc04a40, 0x000000010dc04ba8]
Event: 20.589 Thread 0x00007f8273051000 2896   !   3       com.sun.javafx.application.PlatformImpl::runLater (100 bytes)
Event: 20.590 Thread 0x00007f8273051000 nmethod 2896 0x000000010dc13390 code [0x000000010dc136c0, 0x000000010dc151b8]
Event: 22.986 Thread 0x00007f8273050800 2897   !   4       com.sun.javafx.application.PlatformImpl::runLater (100 bytes)
Event: 23.005 Thread 0x00007f8273050800 nmethod 2897 0x000000010dc19d50 code [0x000000010dc19fa0, 0x000000010dc1af50]

GC Heap History (4 events):
Event: 5.226 GC heap before
{Heap before GC invocations=1 (full 0):
 PSYoungGen      total 38400K, used 33280K [0x0000000795580000, 0x0000000798000000, 0x00000007c0000000)
  eden space 33280K, 100% used [0x0000000795580000,0x0000000797600000,0x0000000797600000)
  from space 5120K, 0% used [0x0000000797b00000,0x0000000797b00000,0x0000000798000000)
  to   space 5120K, 0% used [0x0000000797600000,0x0000000797600000,0x0000000797b00000)
 ParOldGen       total 87552K, used 0K [0x0000000740000000, 0x0000000745580000, 0x0000000795580000)
  object space 87552K, 0% used [0x0000000740000000,0x0000000740000000,0x0000000745580000)
 Metaspace       used 13131K, capacity 13666K, committed 13696K, reserved 1060864K
  class space    used 1699K, capacity 1898K, committed 1920K, reserved 1048576K
Event: 5.233 GC heap after
Heap after GC invocations=1 (full 0):
 PSYoungGen      total 38400K, used 3860K [0x0000000795580000, 0x0000000798000000, 0x00000007c0000000)
  eden space 33280K, 0% used [0x0000000795580000,0x0000000795580000,0x0000000797600000)
  from space 5120K, 75% used [0x0000000797600000,0x00000007979c5050,0x0000000797b00000)
  to   space 5120K, 0% used [0x0000000797b00000,0x0000000797b00000,0x0000000798000000)
 ParOldGen       total 87552K, used 16K [0x0000000740000000, 0x0000000745580000, 0x0000000795580000)
  object space 87552K, 0% used [0x0000000740000000,0x0000000740004000,0x0000000745580000)
 Metaspace       used 13131K, capacity 13666K, committed 13696K, reserved 1060864K
  class space    used 1699K, capacity 1898K, committed 1920K, reserved 1048576K
}
Event: 19.887 GC heap before
{Heap before GC invocations=2 (full 0):
 PSYoungGen      total 38400K, used 37140K [0x0000000795580000, 0x0000000798000000, 0x00000007c0000000)
  eden space 33280K, 100% used [0x0000000795580000,0x0000000797600000,0x0000000797600000)
  from space 5120K, 75% used [0x0000000797600000,0x00000007979c5050,0x0000000797b00000)
  to   space 5120K, 0% used [0x0000000797b00000,0x0000000797b00000,0x0000000798000000)
 ParOldGen       total 87552K, used 16K [0x0000000740000000, 0x0000000745580000, 0x0000000795580000)
  object space 87552K, 0% used [0x0000000740000000,0x0000000740004000,0x0000000745580000)
 Metaspace       used 13662K, capacity 14186K, committed 14208K, reserved 1060864K
  class space    used 1701K, capacity 1898K, committed 1920K, reserved 1048576K
Event: 19.894 GC heap after
Heap after GC invocations=2 (full 0):
 PSYoungGen      total 38400K, used 4148K [0x0000000795580000, 0x0000000798000000, 0x00000007c0000000)
  eden space 33280K, 0% used [0x0000000795580000,0x0000000795580000,0x0000000797600000)
  from space 5120K, 81% used [0x0000000797b00000,0x0000000797f0d050,0x0000000798000000)
  to   space 5120K, 0% used [0x0000000797600000,0x0000000797600000,0x0000000797b00000)
 ParOldGen       total 87552K, used 32K [0x0000000740000000, 0x0000000745580000, 0x0000000795580000)
  object space 87552K, 0% used [0x0000000740000000,0x0000000740008000,0x0000000745580000)
 Metaspace       used 13662K, capacity 14186K, committed 14208K, reserved 1060864K
  class space    used 1701K, capacity 1898K, committed 1920K, reserved 1048576K
}

Deoptimization events (10 events):
Event: 20.537 Thread 0x00007f827407b800 Uncommon trap: reason=unstable_if action=reinterpret pc=0x000000010db48500 method=javafx.beans.property.DoublePropertyBase.set(D)V @ 98
Event: 20.541 Thread 0x00007f827407b800 Uncommon trap: reason=unstable_if action=reinterpret pc=0x000000010d9ab0cc method=javafx.scene.Parent$2.onProposedChange(Ljava/util/List;[I)V @ 28
Event: 20.541 Thread 0x00007f827407b800 Uncommon trap: reason=unstable_if action=reinterpret pc=0x000000010d8ece9c method=com.sun.javafx.application.PlatformImpl.checkIdle()V @ 40
Event: 20.552 Thread 0x00007f827407b800 Uncommon trap: reason=unstable_if action=reinterpret pc=0x000000010d91322c method=java.security.AccessControlContext.optimize()Ljava/security/AccessControlContext; @ 83
Event: 20.552 Thread 0x00007f827407b800 Uncommon trap: reason=unstable_if action=reinterpret pc=0x000000010d8c8978 method=java.security.AccessControlContext.combine([Ljava/security/ProtectionDomain;[Ljava/security/ProtectionDomain;)[Ljava/security/ProtectionDomain; @ 11
Event: 20.553 Thread 0x00007f827419d000 Uncommon trap: reason=unstable_if action=reinterpret pc=0x000000010d91d64c method=com.sun.javafx.application.PlatformImpl.runLater(Ljava/lang/Runnable;Z)V @ 57
Event: 20.554 Thread 0x00007f827407b800 Uncommon trap: reason=class_check action=maybe_recompile pc=0x000000010da9e134 method=java.util.ArrayList.<init>(Ljava/util/Collection;)V @ 6
Event: 20.555 Thread 0x00007f827407b800 Uncommon trap: reason=unstable_if action=reinterpret pc=0x000000010da6e2b8 method=java.util.concurrent.locks.ReentrantLock$Sync.nonfairTryAcquire(I)Z @ 34
Event: 20.555 Thread 0x00007f827407b800 Uncommon trap: reason=unstable_if action=reinterpret pc=0x000000010d9ee5a4 method=java.util.concurrent.locks.ReentrantLock$Sync.tryRelease(I)Z @ 28
Event: 20.555 Thread 0x00007f82739c1000 Uncommon trap: reason=unstable_if action=reinterpret pc=0x000000010d8f7374 method=java.security.AccessControlContext.optimize()Ljava/security/AccessControlContext; @ 49

Internal exceptions (10 events):
Event: 0.142 Thread 0x00007f8274007000 Exception <a 'java/security/PrivilegedActionException'> (0x000000079590ff30) thrown at [/Users/java_re/workspace/8-2-build-macosx-x86_64/jdk8u45/3457/hotspot/src/share/vm/prims/jvm.cpp, line 1382]
Event: 0.142 Thread 0x00007f8274007000 Exception <a 'java/lang/NullPointerException'> (0x00000007959106c8) thrown at [/Users/java_re/workspace/8-2-build-macosx-x86_64/jdk8u45/3457/hotspot/src/share/vm/interpreter/linkResolver.cpp, line 1178]
Event: 0.413 Thread 0x00007f827407b800 Exception <a 'java/lang/NullPointerException'> (0x000000079627b0e8) thrown at [/Users/java_re/workspace/8-2-build-macosx-x86_64/jdk8u45/3457/hotspot/src/share/vm/interpreter/linkResolver.cpp, line 1178]
Event: 0.413 Thread 0x00007f827407b800 Exception <a 'java/lang/NullPointerException'> (0x000000079627b0e8) thrown at [/Users/java_re/workspace/8-2-build-macosx-x86_64/jdk8u45/3457/hotspot/src/share/vm/prims/jvm.cpp, line 1386]
Event: 0.534 Thread 0x00007f827407b800 Implicit null exception at 0x000000010d499cf5 to 0x000000010d499eed
Event: 6.317 Thread 0x00007f827316c000 Exception <a 'java/lang/InterruptedException': sleep interrupted> (0x00000007958ff6b8) thrown at [/Users/java_re/workspace/8-2-build-macosx-x86_64/jdk8u45/3457/hotspot/src/share/vm/prims/jvm.cpp, line 3211]
Event: 10.246 Thread 0x00007f827401d800 Implicit null exception at 0x000000010d9addaf to 0x000000010d9ade25
Event: 20.552 Thread 0x00007f827407b800 Implicit null exception at 0x000000010d912808 to 0x000000010d913219
Event: 20.552 Thread 0x00007f827407b800 Implicit null exception at 0x000000010d8c86da to 0x000000010d8c8961
Event: 20.555 Thread 0x00007f82739c1000 Implicit null exception at 0x000000010d8f6ea9 to 0x000000010d8f735d

Events (10 events):
Event: 20.555 loading class com/sun/javafx/tk/quantum/QuantumToolkit
Event: 20.555 loading class com/sun/javafx/tk/quantum/QuantumToolkit done
Event: 20.555 Thread 0x00007f827401d800 Thread exited: 0x00007f827401d800
Event: 20.555 Thread 0x00007f82731f2800 Thread exited: 0x00007f82731f2800
Event: 20.555 Thread 0x00007f8274007000 Thread exited: 0x00007f8274007000
Event: 20.555 Thread 0x00007f82739c1000 Thread added: 0x00007f82739c1000
Event: 20.555 Thread 0x00007f827407b800 Thread exited: 0x00007f827407b800
Event: 20.555 Thread 0x00007f82739c1000 Uncommon trap: trap_request=0xffffff65 fr.pc=0x000000010d8f7374
Event: 20.555 Thread 0x00007f82739c1000 DEOPT PACKING pc=0x000000010d8f7374 sp=0x000000010d2696f0
Event: 20.555 Thread 0x00007f82739c1000 DEOPT UNPACKING pc=0x000000010d271229 sp=0x000000010d2696b8 mode 2


Dynamic libraries:
0x00000000060c7000 	/System/Library/Frameworks/Cocoa.framework/Versions/A/Cocoa
0x00000000060c7000 	/System/Library/Frameworks/Security.framework/Versions/A/Security
0x00000000060c7000 	/System/Library/Frameworks/ApplicationServices.framework/Versions/A/ApplicationServices
0x00000000060c7000 	/usr/lib/libz.1.dylib
0x00000000060c7000 	/usr/lib/libSystem.B.dylib
0x00000000060c7000 	/usr/lib/libobjc.A.dylib
0x00000000060c7000 	/System/Library/Frameworks/CoreFoundation.framework/Versions/A/CoreFoundation
0x00000000060c7000 	/System/Library/Frameworks/Foundation.framework/Versions/C/Foundation
0x00000000060c7000 	/System/Library/Frameworks/AppKit.framework/Versions/C/AppKit
0x00000000060c7000 	/System/Library/Frameworks/CoreData.framework/Versions/A/CoreData
0x00000000060c7000 	/System/Library/PrivateFrameworks/RemoteViewServices.framework/Versions/A/RemoteViewServices
0x00000000060c7000 	/System/Library/PrivateFrameworks/UIFoundation.framework/Versions/A/UIFoundation
0x00000000060c7000 	/System/Library/Frameworks/IOSurface.framework/Versions/A/IOSurface
0x00000000060c7000 	/System/Library/Frameworks/AudioToolbox.framework/Versions/A/AudioToolbox
0x00000000060c7000 	/System/Library/Frameworks/AudioUnit.framework/Versions/A/AudioUnit
0x00000000060c7000 	/System/Library/PrivateFrameworks/DataDetectorsCore.framework/Versions/A/DataDetectorsCore
0x00000000060c7000 	/System/Library/PrivateFrameworks/DesktopServicesPriv.framework/Versions/A/DesktopServicesPriv
0x00000000060c7000 	/System/Library/Frameworks/Carbon.framework/Versions/A/Frameworks/HIToolbox.framework/Versions/A/HIToolbox
0x00000000060c7000 	/System/Library/Frameworks/QuartzCore.framework/Versions/A/QuartzCore
0x00000000060c7000 	/System/Library/Frameworks/Carbon.framework/Versions/A/Frameworks/SpeechRecognition.framework/Versions/A/SpeechRecognition
0x00000000060c7000 	/usr/lib/libauto.dylib
0x00000000060c7000 	/usr/lib/libicucore.A.dylib
0x00000000060c7000 	/usr/lib/libxml2.2.dylib
0x00000000060c7000 	/System/Library/PrivateFrameworks/CoreUI.framework/Versions/A/CoreUI
0x00000000060c7000 	/System/Library/Frameworks/CoreAudio.framework/Versions/A/CoreAudio
0x00000000060c7000 	/System/Library/Frameworks/DiskArbitration.framework/Versions/A/DiskArbitration
0x00000000060c7000 	/usr/lib/liblangid.dylib
0x00000000060c7000 	/System/Library/PrivateFrameworks/MultitouchSupport.framework/Versions/A/MultitouchSupport
0x00000000060c7000 	/System/Library/Frameworks/IOKit.framework/Versions/A/IOKit
0x00000000060c7000 	/usr/lib/libDiagnosticMessagesClient.dylib
0x00000000060c7000 	/System/Library/Frameworks/CoreServices.framework/Versions/A/CoreServices
0x00000000060c7000 	/System/Library/PrivateFrameworks/PerformanceAnalysis.framework/Versions/A/PerformanceAnalysis
0x00000000060c7000 	/System/Library/PrivateFrameworks/GenerationalStorage.framework/Versions/A/GenerationalStorage
0x00000000060c7000 	/System/Library/Frameworks/OpenGL.framework/Versions/A/OpenGL
0x00000000060c7000 	/System/Library/PrivateFrameworks/Sharing.framework/Versions/A/Sharing
0x00000000060c7000 	/System/Library/Frameworks/CoreGraphics.framework/Versions/A/CoreGraphics
0x00000000060c7000 	/System/Library/Frameworks/CoreText.framework/Versions/A/CoreText
0x00000000060c7000 	/System/Library/Frameworks/ImageIO.framework/Versions/A/ImageIO
0x00000000060c7000 	/usr/lib/libextension.dylib
0x00000000060c7000 	/System/Library/PrivateFrameworks/Backup.framework/Versions/A/Backup
0x00000000060c7000 	/usr/lib/libarchive.2.dylib
0x00000000060c7000 	/System/Library/Frameworks/CFNetwork.framework/Versions/A/CFNetwork
0x00000000060c7000 	/System/Library/Frameworks/SystemConfiguration.framework/Versions/A/SystemConfiguration
0x00000000060c7000 	/usr/lib/libCRFSuite.dylib
0x00000000060c7000 	/usr/lib/libc++.1.dylib
0x00000000060c7000 	/usr/lib/libc++abi.dylib
0x00000000060c7000 	/usr/lib/system/libcache.dylib
0x00000000060c7000 	/usr/lib/system/libcommonCrypto.dylib
0x00000000060c7000 	/usr/lib/system/libcompiler_rt.dylib
0x00000000060c7000 	/usr/lib/system/libcopyfile.dylib
0x00000000060c7000 	/usr/lib/system/libcorecrypto.dylib
0x00000000060c7000 	/usr/lib/system/libdispatch.dylib
0x00000000060c7000 	/usr/lib/system/libdyld.dylib
0x00000000060c7000 	/usr/lib/system/libkeymgr.dylib
0x00000000060c7000 	/usr/lib/system/liblaunch.dylib
0x00000000060c7000 	/usr/lib/system/libmacho.dylib
0x00000000060c7000 	/usr/lib/system/libquarantine.dylib
0x00000000060c7000 	/usr/lib/system/libremovefile.dylib
0x00000000060c7000 	/usr/lib/system/libsystem_asl.dylib
0x00000000060c7000 	/usr/lib/system/libsystem_blocks.dylib
0x00000000060c7000 	/usr/lib/system/libsystem_c.dylib
0x00000000060c7000 	/usr/lib/system/libsystem_configuration.dylib
0x00000000060c7000 	/usr/lib/system/libsystem_coreservices.dylib
0x00000000060c7000 	/usr/lib/system/libsystem_coretls.dylib
0x00000000060c7000 	/usr/lib/system/libsystem_dnssd.dylib
0x00000000060c7000 	/usr/lib/system/libsystem_info.dylib
0x00000000060c7000 	/usr/lib/system/libsystem_kernel.dylib
0x00000000060c7000 	/usr/lib/system/libsystem_m.dylib
0x00000000060c7000 	/usr/lib/system/libsystem_malloc.dylib
0x00000000060c7000 	/usr/lib/system/libsystem_network.dylib
0x00000000060c7000 	/usr/lib/system/libsystem_networkextension.dylib
0x00000000060c7000 	/usr/lib/system/libsystem_notify.dylib
0x00000000060c7000 	/usr/lib/system/libsystem_platform.dylib
0x00000000060c7000 	/usr/lib/system/libsystem_pthread.dylib
0x00000000060c7000 	/usr/lib/system/libsystem_sandbox.dylib
0x00000000060c7000 	/usr/lib/system/libsystem_secinit.dylib
0x00000000060c7000 	/usr/lib/system/libsystem_stats.dylib
0x00000000060c7000 	/usr/lib/system/libsystem_trace.dylib
0x00000000060c7000 	/usr/lib/system/libunc.dylib
0x00000000060c7000 	/usr/lib/system/libunwind.dylib
0x00000000060c7000 	/usr/lib/system/libxpc.dylib
0x00000000060c7000 	/usr/lib/libbz2.1.0.dylib
0x00000000060c7000 	/usr/lib/liblzma.5.dylib
0x00000000060c7000 	/usr/lib/libbsm.0.dylib
0x00000000060c7000 	/usr/lib/libsqlite3.dylib
0x00000000060c7000 	/usr/lib/system/libkxld.dylib
0x00000000060c7000 	/usr/lib/libxar.1.dylib
0x00000000060c7000 	/usr/lib/libpam.2.dylib
0x00000000060c7000 	/usr/lib/libOpenScriptingUtil.dylib
0x00000000060c7000 	/System/Library/Frameworks/CoreServices.framework/Versions/A/Frameworks/FSEvents.framework/Versions/A/FSEvents
0x00000000060c7000 	/System/Library/Frameworks/CoreServices.framework/Versions/A/Frameworks/CarbonCore.framework/Versions/A/CarbonCore
0x00000000060c7000 	/System/Library/Frameworks/CoreServices.framework/Versions/A/Frameworks/Metadata.framework/Versions/A/Metadata
0x00000000060c7000 	/System/Library/Frameworks/CoreServices.framework/Versions/A/Frameworks/OSServices.framework/Versions/A/OSServices
0x00000000060c7000 	/System/Library/Frameworks/CoreServices.framework/Versions/A/Frameworks/SearchKit.framework/Versions/A/SearchKit
0x00000000060c7000 	/System/Library/Frameworks/CoreServices.framework/Versions/A/Frameworks/AE.framework/Versions/A/AE
0x00000000060c7000 	/System/Library/Frameworks/CoreServices.framework/Versions/A/Frameworks/LaunchServices.framework/Versions/A/LaunchServices
0x00000000060c7000 	/System/Library/Frameworks/CoreServices.framework/Versions/A/Frameworks/DictionaryServices.framework/Versions/A/DictionaryServices
0x00000000060c7000 	/System/Library/Frameworks/NetFS.framework/Versions/A/NetFS
0x00000000060c7000 	/System/Library/PrivateFrameworks/NetAuth.framework/Versions/A/NetAuth
0x00000000060c7000 	/System/Library/PrivateFrameworks/login.framework/Versions/A/Frameworks/loginsupport.framework/Versions/A/loginsupport
0x00000000060c7000 	/System/Library/PrivateFrameworks/TCC.framework/Versions/A/TCC
0x00000000060c7000 	/usr/lib/libmecabra.dylib
0x00000000060c7000 	/System/Library/Frameworks/ApplicationServices.framework/Versions/A/Frameworks/ATS.framework/Versions/A/ATS
0x00000000060c7000 	/System/Library/Frameworks/ApplicationServices.framework/Versions/A/Frameworks/ColorSync.framework/Versions/A/ColorSync
0x00000000060c7000 	/System/Library/Frameworks/ApplicationServices.framework/Versions/A/Frameworks/HIServices.framework/Versions/A/HIServices
0x00000000060c7000 	/System/Library/Frameworks/ApplicationServices.framework/Versions/A/Frameworks/LangAnalysis.framework/Versions/A/LangAnalysis
0x00000000060c7000 	/System/Library/Frameworks/ApplicationServices.framework/Versions/A/Frameworks/PrintCore.framework/Versions/A/PrintCore
0x00000000060c7000 	/System/Library/Frameworks/ApplicationServices.framework/Versions/A/Frameworks/QD.framework/Versions/A/QD
0x00000000060c7000 	/System/Library/Frameworks/ApplicationServices.framework/Versions/A/Frameworks/SpeechSynthesis.framework/Versions/A/SpeechSynthesis
0x00000000060c7000 	/System/Library/Frameworks/Accelerate.framework/Versions/A/Accelerate
0x00000000060c7000 	/System/Library/Frameworks/Accelerate.framework/Versions/A/Frameworks/vImage.framework/Versions/A/vImage
0x00000000060c7000 	/System/Library/Frameworks/Accelerate.framework/Versions/A/Frameworks/vecLib.framework/Versions/A/vecLib
0x00000000060c7000 	/System/Library/Frameworks/Accelerate.framework/Versions/A/Frameworks/vecLib.framework/Versions/A/libvDSP.dylib
0x00000000060c7000 	/System/Library/Frameworks/Accelerate.framework/Versions/A/Frameworks/vecLib.framework/Versions/A/libvMisc.dylib
0x00000000060c7000 	/System/Library/Frameworks/Accelerate.framework/Versions/A/Frameworks/vecLib.framework/Versions/A/libLAPACK.dylib
0x00000000060c7000 	/System/Library/Frameworks/Accelerate.framework/Versions/A/Frameworks/vecLib.framework/Versions/A/libBLAS.dylib
0x00000000060c7000 	/System/Library/Frameworks/Accelerate.framework/Versions/A/Frameworks/vecLib.framework/Versions/A/libLinearAlgebra.dylib
0x00000000060c7000 	/System/Library/Frameworks/ApplicationServices.framework/Versions/A/Frameworks/ATS.framework/Versions/A/Resources/libFontParser.dylib
0x00000000060c7000 	/System/Library/Frameworks/ApplicationServices.framework/Versions/A/Frameworks/ATS.framework/Versions/A/Resources/libFontRegistry.dylib
0x00000000060c7000 	/System/Library/PrivateFrameworks/AppleVPA.framework/Versions/A/AppleVPA
0x00000000060c7000 	/System/Library/PrivateFrameworks/AppleJPEG.framework/Versions/A/AppleJPEG
0x00000000060c7000 	/System/Library/Frameworks/ImageIO.framework/Versions/A/Resources/libJPEG.dylib
0x00000000060c7000 	/System/Library/Frameworks/ImageIO.framework/Versions/A/Resources/libTIFF.dylib
0x00000000060c7000 	/System/Library/Frameworks/ImageIO.framework/Versions/A/Resources/libPng.dylib
0x00000000060c7000 	/System/Library/Frameworks/ImageIO.framework/Versions/A/Resources/libGIF.dylib
0x00000000060c7000 	/System/Library/Frameworks/ImageIO.framework/Versions/A/Resources/libJP2.dylib
0x00000000060c7000 	/System/Library/Frameworks/ImageIO.framework/Versions/A/Resources/libRadiance.dylib
0x00000000060c7000 	/System/Library/Frameworks/CoreVideo.framework/Versions/A/CoreVideo
0x00000000060c7000 	/System/Library/Frameworks/OpenGL.framework/Versions/A/Libraries/libGLU.dylib
0x00000000060c7000 	/System/Library/Frameworks/OpenGL.framework/Versions/A/Libraries/libGFXShared.dylib
0x00000000060c7000 	/System/Library/Frameworks/OpenGL.framework/Versions/A/Libraries/libGL.dylib
0x00000000060c7000 	/System/Library/Frameworks/OpenGL.framework/Versions/A/Libraries/libGLImage.dylib
0x00000000060c7000 	/System/Library/Frameworks/OpenGL.framework/Versions/A/Libraries/libCVMSPluginSupport.dylib
0x00000000060c7000 	/System/Library/Frameworks/OpenGL.framework/Versions/A/Libraries/libCoreVMClient.dylib
0x00000000060c7000 	/usr/lib/libcups.2.dylib
0x00000000060c7000 	/System/Library/Frameworks/Kerberos.framework/Versions/A/Kerberos
0x00000000060c7000 	/System/Library/Frameworks/GSS.framework/Versions/A/GSS
0x00000000060c7000 	/usr/lib/libresolv.9.dylib
0x00000000060c7000 	/usr/lib/libiconv.2.dylib
0x00000000060c7000 	/System/Library/PrivateFrameworks/Heimdal.framework/Versions/A/Heimdal
0x00000000060c7000 	/usr/lib/libheimdal-asn1.dylib
0x00000000060c7000 	/System/Library/Frameworks/OpenDirectory.framework/Versions/A/OpenDirectory
0x00000000060c7000 	/System/Library/PrivateFrameworks/CommonAuth.framework/Versions/A/CommonAuth
0x00000000060c7000 	/System/Library/Frameworks/OpenDirectory.framework/Versions/A/Frameworks/CFOpenDirectory.framework/Versions/A/CFOpenDirectory
0x00000000060c7000 	/System/Library/Frameworks/SecurityFoundation.framework/Versions/A/SecurityFoundation
0x00000000060c7000 	/System/Library/PrivateFrameworks/LanguageModeling.framework/Versions/A/LanguageModeling
0x00000000060c7000 	/usr/lib/libcmph.dylib
0x00000000060c7000 	/System/Library/Frameworks/ServiceManagement.framework/Versions/A/ServiceManagement
0x00000000060c7000 	/usr/lib/libxslt.1.dylib
0x00000000060c7000 	/System/Library/Frameworks/Carbon.framework/Versions/A/Frameworks/Ink.framework/Versions/A/Ink
0x00000000060c7000 	/System/Library/Frameworks/QuartzCore.framework/Versions/A/Frameworks/CoreImage.framework/Versions/A/CoreImage
0x00000000060c7000 	/System/Library/PrivateFrameworks/CrashReporterSupport.framework/Versions/A/CrashReporterSupport
0x00000000060c7000 	/System/Library/Frameworks/OpenCL.framework/Versions/A/OpenCL
0x00000000060c7000 	/System/Library/PrivateFrameworks/FaceCore.framework/Versions/A/FaceCore
0x00000000060c7000 	/System/Library/PrivateFrameworks/Ubiquity.framework/Versions/A/Ubiquity
0x00000000060c7000 	/System/Library/PrivateFrameworks/IconServices.framework/Versions/A/IconServices
0x00000000060c7000 	/System/Library/PrivateFrameworks/ChunkingLibrary.framework/Versions/A/ChunkingLibrary
0x00000000060c7000 	/System/Library/PrivateFrameworks/Apple80211.framework/Versions/A/Apple80211
0x00000000060c7000 	/System/Library/Frameworks/CoreWLAN.framework/Versions/A/CoreWLAN
0x00000000060c7000 	/System/Library/Frameworks/IOBluetooth.framework/Versions/A/IOBluetooth
0x00000000060c7000 	/System/Library/PrivateFrameworks/CoreWiFi.framework/Versions/A/CoreWiFi
0x00000000060c7000 	/System/Library/Frameworks/CoreBluetooth.framework/Versions/A/CoreBluetooth
0x00000000060c7000 	/System/Library/PrivateFrameworks/DebugSymbols.framework/Versions/A/DebugSymbols
0x00000000060c7000 	/System/Library/PrivateFrameworks/CoreSymbolication.framework/Versions/A/CoreSymbolication
0x00000000060c7000 	/System/Library/PrivateFrameworks/Symbolication.framework/Versions/A/Symbolication
0x00000000060c7000 	/System/Library/PrivateFrameworks/SpeechRecognitionCore.framework/Versions/A/SpeechRecognitionCore
0x000000010c200000 	/Library/Java/JavaVirtualMachines/jdk1.8.0_45.jdk/Contents/Home/jre/lib/server/libjvm.dylib
0x00000000060c7000 	/usr/lib/libstdc++.6.dylib
0x000000010b945000 	/Library/Java/JavaVirtualMachines/jdk1.8.0_45.jdk/Contents/Home/jre/lib/libverify.dylib
0x000000010b953000 	/Library/Java/JavaVirtualMachines/jdk1.8.0_45.jdk/Contents/Home/jre/lib/libjava.dylib
0x000000010b992000 	/Library/Java/JavaVirtualMachines/jdk1.8.0_45.jdk/Contents/Home/jre/lib/libzip.dylib
0x0000000123293000 	/System/Library/Frameworks/JavaVM.framework/Frameworks/JavaRuntimeSupport.framework/JavaRuntimeSupport
0x000000010b9ec000 	/System/Library/Frameworks/JavaVM.framework/Versions/A/Frameworks/JavaNativeFoundation.framework/Versions/A/JavaNativeFoundation
0x00000001232a9000 	/System/Library/Frameworks/JavaVM.framework/Versions/A/JavaVM
0x00000000060c7000 	/System/Library/Frameworks/Carbon.framework/Versions/A/Carbon
0x00000001232b5000 	/System/Library/PrivateFrameworks/JavaLaunching.framework/Versions/A/JavaLaunching
0x00000000060c7000 	/System/Library/Frameworks/Carbon.framework/Versions/A/Frameworks/CommonPanels.framework/Versions/A/CommonPanels
0x00000000060c7000 	/System/Library/Frameworks/Carbon.framework/Versions/A/Frameworks/Help.framework/Versions/A/Help
0x00000000060c7000 	/System/Library/Frameworks/Carbon.framework/Versions/A/Frameworks/ImageCapture.framework/Versions/A/ImageCapture
0x00000000060c7000 	/System/Library/Frameworks/Carbon.framework/Versions/A/Frameworks/OpenScripting.framework/Versions/A/OpenScripting
0x00000000060c7000 	/System/Library/Frameworks/Carbon.framework/Versions/A/Frameworks/Print.framework/Versions/A/Print
0x00000000060c7000 	/System/Library/Frameworks/Carbon.framework/Versions/A/Frameworks/SecurityHI.framework/Versions/A/SecurityHI
0x000000012526e000 	/Library/Java/JavaVirtualMachines/jdk1.8.0_45.jdk/Contents/Home/jre/lib/libprism_es2.dylib
0x00000000060c7000 	/System/Library/Frameworks/OpenGL.framework/Versions/A/Resources/GLEngine.bundle/GLEngine
0x00000000060c7000 	/System/Library/Frameworks/OpenGL.framework/Versions/A/Libraries/libGLProgrammability.dylib
0x0000000000000000 	/System/Library/Extensions/AppleIntelBDWGraphicsGLDriver.bundle/Contents/MacOS/AppleIntelBDWGraphicsGLDriver
0x00000000060c7000 	/System/Library/PrivateFrameworks/IOAccelerator.framework/Versions/A/IOAccelerator
0x00000000060c7000 	/System/Library/PrivateFrameworks/GPUSupport.framework/Versions/A/Libraries/libGPUSupportMercury.dylib
0x00000000060c7000 	/System/Library/Frameworks/OpenGL.framework/Versions/A/Libraries//libLLVMContainer.dylib
0x00000000060c7000 	/System/Library/Frameworks/OpenGL.framework/Versions/A/Resources/GLRendererFloat.bundle/GLRendererFloat
0x00000000060c7000 	/System/Library/Frameworks/OpenCL.framework/Versions/A/Libraries/libcldcpuengine.dylib
0x00000000060c7000 	/System/Library/PrivateFrameworks/DiskImages.framework/Versions/A/DiskImages
0x00000000060c7000 	/System/Library/Frameworks/DiscRecording.framework/Versions/A/DiscRecording
0x00000000060c7000 	/usr/lib/libcsfde.dylib
0x00000000060c7000 	/usr/lib/libcurl.4.dylib
0x00000000060c7000 	/System/Library/PrivateFrameworks/MediaKit.framework/Versions/A/MediaKit
0x00000000060c7000 	/System/Library/PrivateFrameworks/ProtectedCloudStorage.framework/Versions/A/ProtectedCloudStorage
0x00000000060c7000 	/usr/lib/libCoreStorage.dylib
0x00000000060c7000 	/System/Library/PrivateFrameworks/EFILogin.framework/Versions/A/EFILogin
0x00000000060c7000 	/usr/lib/libutil.dylib
0x00000000060c7000 	/System/Library/PrivateFrameworks/FindMyDevice.framework/Versions/A/FindMyDevice
0x00000000060c7000 	/System/Library/Frameworks/LDAP.framework/Versions/A/LDAP
0x00000000060c7000 	/usr/lib/libsasl2.2.dylib
0x00000000060c7000 	/System/Library/PrivateFrameworks/CoreDaemon.framework/Versions/B/CoreDaemon
0x00000000060c7000 	/usr/lib/libcrypto.0.9.8.dylib
0x00000000060c7000 	/System/Library/PrivateFrameworks/AppleSRP.framework/Versions/A/AppleSRP
0x00000000060c7000 	/System/Library/PrivateFrameworks/TrustEvaluationAgent.framework/Versions/A/TrustEvaluationAgent
0x00000001256d9000 	/Library/Java/JavaVirtualMachines/jdk1.8.0_45.jdk/Contents/Home/jre/lib/libglass.dylib
0x00000000060c7000 	/System/Library/PrivateFrameworks/CoreServicesInternal.framework/Versions/A/CoreServicesInternal
0x00000000060c7000 	/System/Library/PrivateFrameworks/CloudDocs.framework/Versions/A/CloudDocs
0x00000000060c7000 	/System/Library/PrivateFrameworks/CoreDuet.framework/Versions/A/CoreDuet
0x00000000060c7000 	/System/Library/Frameworks/CloudKit.framework/Versions/A/CloudKit
0x00000000060c7000 	/System/Library/PrivateFrameworks/ProtocolBuffer.framework/Versions/A/ProtocolBuffer
0x00000000060c7000 	/System/Library/PrivateFrameworks/CoreDuetDaemonProtocol.framework/Versions/A/CoreDuetDaemonProtocol
0x00000000060c7000 	/System/Library/PrivateFrameworks/CoreDuetDebugLogging.framework/Versions/A/CoreDuetDebugLogging
0x00000000060c7000 	/System/Library/Frameworks/CoreLocation.framework/Versions/A/CoreLocation
0x00000000060c7000 	/System/Library/Frameworks/Accounts.framework/Versions/A/Accounts
0x00000000060c7000 	/System/Library/PrivateFrameworks/ApplePushService.framework/Versions/A/ApplePushService
0x00000000060c7000 	/System/Library/PrivateFrameworks/GeoServices.framework/Versions/A/GeoServices
0x00000000060c7000 	/System/Library/PrivateFrameworks/OAuth.framework/Versions/A/OAuth
0x00000000060c7000 	/System/Library/Frameworks/CoreGraphics.framework/Versions/A/Resources/libCGCMS.A.dylib
0x0000000126aeb000 	/System/Library/CoreServices/RawCamera.bundle/Contents/MacOS/RawCamera
0x00000000060c7000 	/System/Library/Frameworks/CoreGraphics.framework/Versions/A/Resources/libRIP.A.dylib
0x00000000060c7000 	/System/Library/PrivateFrameworks/FamilyControls.framework/Versions/A/FamilyControls
0x00000000060c7000 	/System/Library/PrivateFrameworks/CommerceKit.framework/Versions/A/Frameworks/CommerceCore.framework/Versions/A/CommerceCore
0x00000000060c7000 	/System/Library/PrivateFrameworks/SystemAdministration.framework/Versions/A/SystemAdministration
0x00000000060c7000 	/System/Library/PrivateFrameworks/AppContainer.framework/Versions/A/AppContainer
0x00000000060c7000 	/System/Library/PrivateFrameworks/SecCodeWrapper.framework/Versions/A/SecCodeWrapper
0x00000000060c7000 	/System/Library/Frameworks/DirectoryService.framework/Versions/A/DirectoryService
0x00000000060c7000 	/System/Library/PrivateFrameworks/LoginUIKit.framework/Versions/A/Frameworks/LoginUICore.framework/Versions/A/LoginUICore
0x00000000060c7000 	/usr/lib/libodfde.dylib
0x0000000129119000 	/Library/Java/JavaVirtualMachines/jdk1.8.0_45.jdk/Contents/Home/jre/lib/libjavafx_font.dylib
0x00000000060c7000 	/System/Library/Frameworks/CoreGraphics.framework/Versions/A/Resources/libCGXType.A.dylib
0x000000012af82000 	cl_kernels
0x000000012b24e000 	/System/Library/Frameworks/OpenCL.framework/Versions/A/Libraries/ImageFormats/unorm8_bgra.dylib
0x000000012af74000 	cl_kernels
0x000000012b3f9000 	/Library/Java/JavaVirtualMachines/jdk1.8.0_45.jdk/Contents/Home/jre/lib/libprism_common.dylib

VM Arguments:
jvm_args: -Dfile.encoding=UTF-8 
java_command: application.Main
java_class_path (initial): /Users/kevin/git/prog2/MyJavaFX/bin:/Applications/eclipse/plugins/org.eclipse.fx.ide.css.jfx8_1.1.0.201411050807.jar
Launcher Type: SUN_STANDARD

Environment Variables:
PATH=/usr/bin:/bin:/usr/sbin:/sbin
SHELL=/bin/bash

Signal Handlers:
SIGSEGV: [libjvm.dylib+0x58ef95], sa_mask[0]=11111111011111110111111111111111, sa_flags=SA_ONSTACK|SA_RESTART|SA_SIGINFO
SIGBUS: [libjvm.dylib+0x58ef95], sa_mask[0]=11111111011111110111111111111111, sa_flags=SA_RESTART|SA_SIGINFO
SIGFPE: [libjvm.dylib+0x46c108], sa_mask[0]=11111111011111110111111111111111, sa_flags=SA_RESTART|SA_SIGINFO
SIGPIPE: [libjvm.dylib+0x46c108], sa_mask[0]=11111111011111110111111111111111, sa_flags=SA_RESTART|SA_SIGINFO
SIGXFSZ: [libjvm.dylib+0x46c108], sa_mask[0]=11111111011111110111111111111111, sa_flags=SA_RESTART|SA_SIGINFO
SIGILL: [libjvm.dylib+0x46c108], sa_mask[0]=11111111011111110111111111111111, sa_flags=SA_RESTART|SA_SIGINFO
SIGUSR1: SIG_DFL, sa_mask[0]=00000000000000000000000000000000, sa_flags=none
SIGUSR2: [libjvm.dylib+0x46bc26], sa_mask[0]=00100000000000000000000000000000, sa_flags=SA_RESTART|SA_SIGINFO
SIGHUP: [libjvm.dylib+0x46a1f9], sa_mask[0]=11111111011111110111111111111111, sa_flags=SA_RESTART|SA_SIGINFO
SIGINT: [libjvm.dylib+0x46a1f9], sa_mask[0]=11111111011111110111111111111111, sa_flags=SA_RESTART|SA_SIGINFO
SIGTERM: [libjvm.dylib+0x46a1f9], sa_mask[0]=11111111011111110111111111111111, sa_flags=SA_RESTART|SA_SIGINFO
SIGQUIT: [libjvm.dylib+0x46a1f9], sa_mask[0]=11111111011111110111111111111111, sa_flags=SA_RESTART|SA_SIGINFO


---------------  S Y S T E M  ---------------

OS:Bsduname:Darwin 14.1.1 Darwin Kernel Version 14.1.1: Fri Feb  6 21:06:10 PST 2015; root:xnu-2782.15.4~1/RELEASE_X86_64 x86_64
rlimit: STACK 8192k, CORE 0k, NPROC 709, NOFILE 10240, AS infinity
load average:1.96 1.74 1.65

CPU:total 4 (2 cores per cpu, 2 threads per core) family 6 model 61 stepping 4, cmov, cx8, fxsr, mmx, sse, sse2, sse3, ssse3, sse4.1, sse4.2, popcnt, avx, avx2, aes, clmul, erms, 3dnowpref, lzcnt, ht, tsc, tscinvbit, bmi1, bmi2, adx

Memory: 4k page, physical 8388608k(131612k free)

/proc/meminfo:


vm_info: Java HotSpot(TM) 64-Bit Server VM (25.45-b02) for bsd-amd64 JRE (1.8.0_45-b14), built on Apr 10 2015 10:46:38 by "java_re" with gcc 4.2.1 (Based on Apple Inc. build 5658) (LLVM build 2336.11.00)

time: Mon May 11 16:54:46 2015
elapsed time: 23 seconds (0d 0h 0m 23s)

