#
# A fatal error has been detected by the Java Runtime Environment:
#
#  SIGSEGV (0xb) at pc=0x000000011a88758d, pid=1396, tid=1811
#
# JRE version: Java(TM) SE Runtime Environment (8.0_45-b14) (build 1.8.0_45-b14)
# Java VM: Java HotSpot(TM) 64-Bit Server VM (25.45-b02 mixed mode bsd-amd64 compressed oops)
# Problematic frame:
# C  [libglass.dylib+0x1558d]  GlassScreenDidChangeScreenParameters+0x9d
#
# Failed to write core dump. Core dumps have been disabled. To enable core dumping, try "ulimit -c unlimited" before starting Java again
#
# If you would like to submit a bug report, please visit:
#   http://bugreport.java.com/bugreport/crash.jsp
#

---------------  T H R E A D  ---------------

Current thread is native thread

siginfo: si_signo: 11 (SIGSEGV), si_code: 1 (SEGV_MAPERR), si_addr: 0x0000000000000000

Registers:
RAX=0x000000011a8b9bc0, RBX=0x0000000000000000, RCX=0x3d005034122b16f7, RDX=0x00007fad6874c890
RSP=0x00007fff5f235180, RBP=0x00007fff5f235190, RSI=0x00007fad6850e860, RDI=0x0000000000000000
R8 =0x00007fff5f235030, R9 =0x00007fff77cac300, R10=0x0000000000000000, R11=0x0000000000000246
R12=0x00007fad68704900, R13=0x00000000000f4269, R14=0x00007fad6874c7a0, R15=0x00007fff5f2352d0
RIP=0x000000011a88758d, EFLAGS=0x0000000000010206, ERR=0x0000000000000004
  TRAPNO=0x000000000000000e

Top of Stack: (sp=0x00007fff5f235180)
0x00007fff5f235180:   00007fff5f235360 00007fad6874c7a0
0x00007fff5f235190:   00007fff5f2351a0 00007fff86da0cbc
0x00007fff5f2351a0:   00007fff5f235500 00007fff86c92384
0x00007fff5f2351b0:   00007fff5f235200 0000000000001400
0x00007fff5f2351c0:   00007fff763eacf0 00007fad6845ccf0
0x00007fff5f2351d0:   0000000000001002 0000000000000900
0x00007fff5f2351e0:   00007fad6845ccf0 00007fad6874c7a0
0x00007fff5f2351f0:   0000000000000000 00007fff5f2352d0
0x00007fff5f235200:   0000000000000000 00007fad6874c760
0x00007fff5f235210:   00007fff5f235350 0000000000000060
0x00007fff5f235220:   00000000000f430b 00007fad6ad08f60
0x00007fff5f235230:   00007fad685676d0 00007fad68704900
0x00007fff5f235240:   0000000000000001 00000000000f4269
0x00007fff5f235250:   00007fad687048f0 00007fff872bfacb
0x00007fff5f235260:   0000000000000001 0000000000000001
0x00007fff5f235270:   0000000000000030 0000000000000001
0x00007fff5f235280:   00007fff5f2352a0 00007fff872c5231
0x00007fff5f235290:   00007fff763e8dd0 0000000000000000
0x00007fff5f2352a0:   00007fff5f2352c0 000000000000001f
0x00007fff5f2352b0:   00020203690eea00 00007fad68704924
0x00007fff5f2352c0:   0000000000000000 00007fff86c87e5f
0x00007fff5f2352d0:   00007fad6874c7a0 00007fff763e8dd0
0x00007fff5f2352e0:   00007fff5f235360 00007fff86c9098f
0x00007fff5f2352f0:   00007fff5f235364 000000000046e701
0x00007fff5f235300:   00000001009e6a00 0000000000000002
0x00007fff5f235310:   00000001009e3000 00007fad687c6462
0x00007fff5f235320:   0000000000000003 00000001009e7e00
0x00007fff5f235330:   00007fff5f235420 00007fff872be2a2
0x00007fff5f235340:   00007fad68567260 00007fff5f235508
0x00007fff5f235350:   0000000000000017 0000000000000000
0x00007fff5f235360:   00000000000f4269 00007fff86c88153
0x00007fff5f235370:   00007fff00000000 00007fad6856d190 

Instructions: (pc=0x000000011a88758d)
0x000000011a88756d:   89 df 4c 89 f1 41 ff 90 68 04 00 00 48 8d 05 48
0x000000011a88757d:   25 03 00 48 8b 30 48 8d 05 36 26 03 00 48 8b 10
0x000000011a88758d:   48 8b 0b 30 c0 48 89 df ff 91 68 04 00 00 48 8b
0x000000011a88759d:   03 48 89 df ff 50 78 48 85 c0 74 36 49 89 c6 48 

Register to memory mapping:

RAX=0x000000011a8b9bc0: jScreenNotifySettingsChanged+0 in /Library/Java/JavaVirtualMachines/jdk1.8.0_45.jdk/Contents/Home/jre/lib/libglass.dylib at 0x000000011a872000
RBX=0x0000000000000000 is an unknown value
RCX=0x3d005034122b16f7 is an unknown value
RDX=0x00007fad6874c890 is an unknown value
RSP=0x00007fff5f235180 is an unknown value
RBP=0x00007fff5f235190 is an unknown value
RSI=0x00007fad6850e860 is a global jni handle
RDI=0x0000000000000000 is an unknown value
R8 =0x00007fff5f235030 is an unknown value
R9 =0x00007fff77cac300: _thread+0 in /usr/lib/system/libsystem_pthread.dylib at 0x00007fff920ca000
R10=0x0000000000000000 is an unknown value
R11=0x0000000000000246 is an unknown value
R12=0x00007fad68704900 is an unknown value
R13=0x00000000000f4269 is an unknown value
R14=0x00007fad6874c7a0 is an unknown value
R15=0x00007fff5f2352d0 is an unknown value


Stack: [0x00007fff5ea38000,0x00007fff5f238000],  sp=0x00007fff5f235180,  free space=8180k
Native frames: (J=compiled Java code, j=interpreted, Vv=VM code, C=native code)
C  [libglass.dylib+0x1558d]  GlassScreenDidChangeScreenParameters+0x9d
C  [CoreFoundation+0x11ecbc]  __CFNOTIFICATIONCENTER_IS_CALLING_OUT_TO_AN_OBSERVER__+0xc
C  [CoreFoundation+0x10384]  _CFXNotificationPost+0xc44
C  [Foundation+0x2aa1]  -[NSNotificationCenter postNotificationName:object:userInfo:]+0x42
C  [AppKit+0x36595e]  -[NSApplication _reactToScreenInvalidationImmediately:]+0x17b
C  [AppKit+0x36579d]  __44-[NSApplication _reactToScreenInvalidation:]_block_invoke+0x4b
C  [CoreFoundation+0x806ac]  __CFRUNLOOP_IS_CALLING_OUT_TO_A_BLOCK__+0xc
C  [CoreFoundation+0x727b5]  __CFRunLoopDoBlocks+0x155
C  [CoreFoundation+0x722f6]  __CFRunLoopRun+0x716
C  [CoreFoundation+0x71998]  CFRunLoopRunSpecific+0x128
C  [java+0x6490]  CreateExecutionEnvironment+0x367
C  [java+0x221c]  JLI_Launch+0x7a0
C  [java+0x84ed]  main+0x65
C  [java+0x1a74]  start+0x34


---------------  P R O C E S S  ---------------

VM state:not at safepoint (normal execution)

VM Mutex/Monitor currently owned by a thread: None

Heap:
 PSYoungGen      total 38400K, used 10223K [0x0000000795580000, 0x0000000798000000, 0x00000007c0000000)
  eden space 33280K, 19% used [0x0000000795580000,0x0000000795bb2d40,0x0000000797600000)
  from space 5120K, 75% used [0x0000000797600000,0x00000007979c9040,0x0000000797b00000)
  to   space 5120K, 0% used [0x0000000797b00000,0x0000000797b00000,0x0000000798000000)
 ParOldGen       total 87552K, used 16K [0x0000000740000000, 0x0000000745580000, 0x0000000795580000)
  object space 87552K, 0% used [0x0000000740000000,0x0000000740004000,0x0000000745580000)
 Metaspace       used 13639K, capacity 14268K, committed 14592K, reserved 1062912K
  class space    used 1733K, capacity 1935K, committed 2048K, reserved 1048576K

Card table byte_map: [0x00000001117c0000,0x0000000111bc1000] byte_map_base: 0x000000010ddc0000

Marking Bits: (ParMarkBitMap*) 0x00000001013897a0
 Begin Bits: [0x0000000112278000, 0x0000000114278000)
 End Bits:   [0x0000000114278000, 0x0000000116278000)

Polling page: 0x0000000101b8d000

CodeCache: size=245760Kb used=8417Kb max_used=8431Kb free=237342Kb
 bounds [0x0000000102400000, 0x0000000102c50000, 0x0000000111400000]
 total_blobs=3122 nmethods=2511 adapters=523
 compilation: enabled

Compilation events (10 events):
Event: 8.525 Thread 0x00007fad6880f000 2508  s    3       java.util.Vector::elementAt (48 bytes)
Event: 8.525 Thread 0x00007fad6880f000 nmethod 2508 0x0000000102c26d10 code [0x0000000102c26f20, 0x0000000102c27aa8]
Event: 8.639 Thread 0x00007fad69028800 2509   !   4       com.sun.javafx.application.PlatformImpl::runLater (100 bytes)
Event: 8.649 Thread 0x00007fad69028000 2510       4       javafx.application.Platform::runLater (5 bytes)
Event: 8.653 Thread 0x00007fad69028800 nmethod 2509 0x0000000102c3bd50 code [0x0000000102c3bfa0, 0x0000000102c3d030]
Event: 8.661 Thread 0x00007fad69028000 nmethod 2510 0x0000000102c3df10 code [0x0000000102c3e160, 0x0000000102c3f1d0]
Event: 9.169 Thread 0x00007fad69028800 2511       4       java.lang.Thread::isInterrupted (6 bytes)
Event: 9.169 Thread 0x00007fad69028800 nmethod 2511 0x0000000102c33a50 code [0x0000000102c33ba0, 0x0000000102c33c48]
Event: 9.349 Thread 0x00007fad69028000 2512       4       application.Timer$$Lambda$188/44163032::get$Lambda (9 bytes)
Event: 9.350 Thread 0x00007fad69028000 nmethod 2512 0x0000000102c2f290 code [0x0000000102c2f3e0, 0x0000000102c2f4b8]

GC Heap History (2 events):
Event: 5.396 GC heap before
{Heap before GC invocations=1 (full 0):
 PSYoungGen      total 38400K, used 33280K [0x0000000795580000, 0x0000000798000000, 0x00000007c0000000)
  eden space 33280K, 100% used [0x0000000795580000,0x0000000797600000,0x0000000797600000)
  from space 5120K, 0% used [0x0000000797b00000,0x0000000797b00000,0x0000000798000000)
  to   space 5120K, 0% used [0x0000000797600000,0x0000000797600000,0x0000000797b00000)
 ParOldGen       total 87552K, used 0K [0x0000000740000000, 0x0000000745580000, 0x0000000795580000)
  object space 87552K, 0% used [0x0000000740000000,0x0000000740000000,0x0000000745580000)
 Metaspace       used 13280K, capacity 13882K, committed 14080K, reserved 1060864K
  class space    used 1724K, capacity 1924K, committed 2048K, reserved 1048576K
Event: 5.403 GC heap after
Heap after GC invocations=1 (full 0):
 PSYoungGen      total 38400K, used 3876K [0x0000000795580000, 0x0000000798000000, 0x00000007c0000000)
  eden space 33280K, 0% used [0x0000000795580000,0x0000000795580000,0x0000000797600000)
  from space 5120K, 75% used [0x0000000797600000,0x00000007979c9040,0x0000000797b00000)
  to   space 5120K, 0% used [0x0000000797b00000,0x0000000797b00000,0x0000000798000000)
 ParOldGen       total 87552K, used 16K [0x0000000740000000, 0x0000000745580000, 0x0000000795580000)
  object space 87552K, 0% used [0x0000000740000000,0x0000000740004000,0x0000000745580000)
 Metaspace       used 13280K, capacity 13882K, committed 14080K, reserved 1060864K
  class space    used 1724K, capacity 1924K, committed 2048K, reserved 1048576K
}

Deoptimization events (10 events):
Event: 0.762 Thread 0x00007fad69100800 Uncommon trap: reason=class_check action=maybe_recompile pc=0x000000010252551c method=java.lang.String.equals(Ljava/lang/Object;)Z @ 8
Event: 0.762 Thread 0x00007fad69100800 Uncommon trap: reason=class_check action=maybe_recompile pc=0x000000010252551c method=java.lang.String.equals(Ljava/lang/Object;)Z @ 8
Event: 0.763 Thread 0x00007fad69100800 Uncommon trap: reason=class_check action=maybe_recompile pc=0x000000010252551c method=java.lang.String.equals(Ljava/lang/Object;)Z @ 8
Event: 0.887 Thread 0x00007fad69100800 Uncommon trap: reason=unstable_if action=reinterpret pc=0x000000010262c6e0 method=java.lang.CharacterData.of(I)Ljava/lang/CharacterData; @ 4
Event: 0.911 Thread 0x00007fad69100800 Uncommon trap: reason=unstable_if action=reinterpret pc=0x0000000102664070 method=java.lang.String.replace(CC)Ljava/lang/String; @ 26
Event: 1.699 Thread 0x00007fad69100800 Uncommon trap: reason=unstable_if action=reinterpret pc=0x000000010277a8f4 method=jdk.internal.org.objectweb.asm.Type.getArgumentsAndReturnSizes(Ljava/lang/String;)I @ 47
Event: 8.521 Thread 0x00007fad69100800 Uncommon trap: reason=unstable_if action=reinterpret pc=0x0000000102b45880 method=javafx.scene.Parent$2.onProposedChange(Ljava/util/List;[I)V @ 28
Event: 8.521 Thread 0x00007fad69100800 Uncommon trap: reason=unstable_if action=reinterpret pc=0x0000000102c29e94 method=com.sun.javafx.application.PlatformImpl.checkIdle()V @ 40
Event: 8.523 Thread 0x00007fad69100800 Uncommon trap: reason=unstable_if action=reinterpret pc=0x0000000102b9f138 method=java.security.AccessControlContext.combine([Ljava/security/ProtectionDomain;[Ljava/security/ProtectionDomain;)[Ljava/security/ProtectionDomain; @ 11
Event: 8.525 Thread 0x00007fad69100800 Uncommon trap: reason=unstable_if action=reinterpret pc=0x0000000102a347e4 method=java.util.concurrent.locks.ReentrantLock$Sync.tryRelease(I)Z @ 28

Internal exceptions (10 events):
Event: 0.158 Thread 0x00007fad68811000 Exception <a 'java/lang/NoSuchFieldError': method resolution failed> (0x0000000795880338) thrown at [/Users/java_re/workspace/8-2-build-macosx-x86_64/jdk8u45/3457/hotspot/src/share/vm/prims/methodHandles.cpp, line 1125]
Event: 0.185 Thread 0x00007fad68811000 Exception <a 'java/security/PrivilegedActionException'> (0x000000079590c9d0) thrown at [/Users/java_re/workspace/8-2-build-macosx-x86_64/jdk8u45/3457/hotspot/src/share/vm/prims/jvm.cpp, line 1382]
Event: 0.185 Thread 0x00007fad68811000 Exception <a 'java/security/PrivilegedActionException'> (0x000000079590cb88) thrown at [/Users/java_re/workspace/8-2-build-macosx-x86_64/jdk8u45/3457/hotspot/src/share/vm/prims/jvm.cpp, line 1382]
Event: 0.185 Thread 0x00007fad68811000 Exception <a 'java/security/PrivilegedActionException'> (0x000000079590fd78) thrown at [/Users/java_re/workspace/8-2-build-macosx-x86_64/jdk8u45/3457/hotspot/src/share/vm/prims/jvm.cpp, line 1382]
Event: 0.185 Thread 0x00007fad68811000 Exception <a 'java/security/PrivilegedActionException'> (0x000000079590ff30) thrown at [/Users/java_re/workspace/8-2-build-macosx-x86_64/jdk8u45/3457/hotspot/src/share/vm/prims/jvm.cpp, line 1382]
Event: 0.186 Thread 0x00007fad68811000 Exception <a 'java/lang/NullPointerException'> (0x00000007959106c8) thrown at [/Users/java_re/workspace/8-2-build-macosx-x86_64/jdk8u45/3457/hotspot/src/share/vm/interpreter/linkResolver.cpp, line 1178]
Event: 0.497 Thread 0x00007fad69100800 Exception <a 'java/lang/NullPointerException'> (0x000000079627c678) thrown at [/Users/java_re/workspace/8-2-build-macosx-x86_64/jdk8u45/3457/hotspot/src/share/vm/interpreter/linkResolver.cpp, line 1178]
Event: 0.497 Thread 0x00007fad69100800 Exception <a 'java/lang/NullPointerException'> (0x000000079627c678) thrown at [/Users/java_re/workspace/8-2-build-macosx-x86_64/jdk8u45/3457/hotspot/src/share/vm/prims/jvm.cpp, line 1386]
Event: 0.627 Thread 0x00007fad69100800 Implicit null exception at 0x0000000102646375 to 0x000000010264670d
Event: 8.523 Thread 0x00007fad69100800 Implicit null exception at 0x0000000102b9ee9a to 0x0000000102b9f121

Events (10 events):
Event: 8.524 Thread 0x00007fad68811000 Thread added: 0x00007fad68811000
Event: 8.525 loading class com/sun/javafx/tk/quantum/QuantumRenderer
Event: 8.525 loading class com/sun/javafx/tk/quantum/QuantumRenderer done
Event: 8.525 Thread 0x00007fad69100800 Uncommon trap: trap_request=0xffffff65 fr.pc=0x0000000102a347e4
Event: 8.525 Thread 0x00007fad69100800 DEOPT PACKING pc=0x0000000102a347e4 sp=0x00007fff5f2327a0
Event: 8.525 Thread 0x00007fad69100800 DEOPT UNPACKING pc=0x0000000102405229 sp=0x00007fff5f232748 mode 2
Event: 8.525 loading class com/sun/javafx/tk/quantum/QuantumToolkit
Event: 8.525 loading class com/sun/javafx/tk/quantum/QuantumToolkit done
Event: 8.525 Thread 0x00007fad6a114800 Thread exited: 0x00007fad6a114800
Event: 8.526 Thread 0x00007fad69100800 Thread exited: 0x00007fad69100800


Dynamic libraries:
0x00000000060c7000 	/System/Library/Frameworks/Cocoa.framework/Versions/A/Cocoa
0x00000000060c7000 	/System/Library/Frameworks/Security.framework/Versions/A/Security
0x00000000060c7000 	/System/Library/Frameworks/ApplicationServices.framework/Versions/A/ApplicationServices
0x00000000060c7000 	/usr/lib/libz.1.dylib
0x00000000060c7000 	/usr/lib/libSystem.B.dylib
0x00000000060c7000 	/usr/lib/libobjc.A.dylib
0x00000000060c7000 	/System/Library/Frameworks/CoreFoundation.framework/Versions/A/CoreFoundation
0x00000000060c7000 	/System/Library/Frameworks/Foundation.framework/Versions/C/Foundation
0x00000000060c7000 	/System/Library/Frameworks/AppKit.framework/Versions/C/AppKit
0x00000000060c7000 	/System/Library/Frameworks/CoreData.framework/Versions/A/CoreData
0x00000000060c7000 	/System/Library/PrivateFrameworks/RemoteViewServices.framework/Versions/A/RemoteViewServices
0x00000000060c7000 	/System/Library/PrivateFrameworks/UIFoundation.framework/Versions/A/UIFoundation
0x00000000060c7000 	/System/Library/Frameworks/IOSurface.framework/Versions/A/IOSurface
0x00000000060c7000 	/System/Library/Frameworks/AudioToolbox.framework/Versions/A/AudioToolbox
0x00000000060c7000 	/System/Library/Frameworks/AudioUnit.framework/Versions/A/AudioUnit
0x00000000060c7000 	/System/Library/PrivateFrameworks/DataDetectorsCore.framework/Versions/A/DataDetectorsCore
0x00000000060c7000 	/System/Library/PrivateFrameworks/DesktopServicesPriv.framework/Versions/A/DesktopServicesPriv
0x00000000060c7000 	/System/Library/Frameworks/Carbon.framework/Versions/A/Frameworks/HIToolbox.framework/Versions/A/HIToolbox
0x00000000060c7000 	/System/Library/Frameworks/QuartzCore.framework/Versions/A/QuartzCore
0x00000000060c7000 	/System/Library/Frameworks/Carbon.framework/Versions/A/Frameworks/SpeechRecognition.framework/Versions/A/SpeechRecognition
0x00000000060c7000 	/usr/lib/libauto.dylib
0x00000000060c7000 	/usr/lib/libicucore.A.dylib
0x00000000060c7000 	/usr/lib/libxml2.2.dylib
0x00000000060c7000 	/System/Library/PrivateFrameworks/CoreUI.framework/Versions/A/CoreUI
0x00000000060c7000 	/System/Library/Frameworks/CoreAudio.framework/Versions/A/CoreAudio
0x00000000060c7000 	/System/Library/Frameworks/DiskArbitration.framework/Versions/A/DiskArbitration
0x00000000060c7000 	/usr/lib/liblangid.dylib
0x00000000060c7000 	/System/Library/PrivateFrameworks/MultitouchSupport.framework/Versions/A/MultitouchSupport
0x00000000060c7000 	/System/Library/Frameworks/IOKit.framework/Versions/A/IOKit
0x00000000060c7000 	/usr/lib/libDiagnosticMessagesClient.dylib
0x00000000060c7000 	/System/Library/Frameworks/CoreServices.framework/Versions/A/CoreServices
0x00000000060c7000 	/System/Library/PrivateFrameworks/PerformanceAnalysis.framework/Versions/A/PerformanceAnalysis
0x00000000060c7000 	/System/Library/PrivateFrameworks/GenerationalStorage.framework/Versions/A/GenerationalStorage
0x00000000060c7000 	/System/Library/Frameworks/OpenGL.framework/Versions/A/OpenGL
0x00000000060c7000 	/System/Library/PrivateFrameworks/Sharing.framework/Versions/A/Sharing
0x00000000060c7000 	/System/Library/Frameworks/CoreGraphics.framework/Versions/A/CoreGraphics
0x00000000060c7000 	/System/Library/Frameworks/CoreText.framework/Versions/A/CoreText
0x00000000060c7000 	/System/Library/Frameworks/ImageIO.framework/Versions/A/ImageIO
0x00000000060c7000 	/usr/lib/libextension.dylib
0x00000000060c7000 	/System/Library/PrivateFrameworks/Backup.framework/Versions/A/Backup
0x00000000060c7000 	/usr/lib/libarchive.2.dylib
0x00000000060c7000 	/System/Library/Frameworks/CFNetwork.framework/Versions/A/CFNetwork
0x00000000060c7000 	/System/Library/Frameworks/SystemConfiguration.framework/Versions/A/SystemConfiguration
0x00000000060c7000 	/usr/lib/libCRFSuite.dylib
0x00000000060c7000 	/usr/lib/libc++.1.dylib
0x00000000060c7000 	/usr/lib/libc++abi.dylib
0x00000000060c7000 	/usr/lib/system/libcache.dylib
0x00000000060c7000 	/usr/lib/system/libcommonCrypto.dylib
0x00000000060c7000 	/usr/lib/system/libcompiler_rt.dylib
0x00000000060c7000 	/usr/lib/system/libcopyfile.dylib
0x00000000060c7000 	/usr/lib/system/libcorecrypto.dylib
0x00000000060c7000 	/usr/lib/system/libdispatch.dylib
0x00000000060c7000 	/usr/lib/system/libdyld.dylib
0x00000000060c7000 	/usr/lib/system/libkeymgr.dylib
0x00000000060c7000 	/usr/lib/system/liblaunch.dylib
0x00000000060c7000 	/usr/lib/system/libmacho.dylib
0x00000000060c7000 	/usr/lib/system/libquarantine.dylib
0x00000000060c7000 	/usr/lib/system/libremovefile.dylib
0x00000000060c7000 	/usr/lib/system/libsystem_asl.dylib
0x00000000060c7000 	/usr/lib/system/libsystem_blocks.dylib
0x00000000060c7000 	/usr/lib/system/libsystem_c.dylib
0x00000000060c7000 	/usr/lib/system/libsystem_configuration.dylib
0x00000000060c7000 	/usr/lib/system/libsystem_coreservices.dylib
0x00000000060c7000 	/usr/lib/system/libsystem_coretls.dylib
0x00000000060c7000 	/usr/lib/system/libsystem_dnssd.dylib
0x00000000060c7000 	/usr/lib/system/libsystem_info.dylib
0x00000000060c7000 	/usr/lib/system/libsystem_kernel.dylib
0x00000000060c7000 	/usr/lib/system/libsystem_m.dylib
0x00000000060c7000 	/usr/lib/system/libsystem_malloc.dylib
0x00000000060c7000 	/usr/lib/system/libsystem_network.dylib
0x00000000060c7000 	/usr/lib/system/libsystem_networkextension.dylib
0x00000000060c7000 	/usr/lib/system/libsystem_notify.dylib
0x00000000060c7000 	/usr/lib/system/libsystem_platform.dylib
0x00000000060c7000 	/usr/lib/system/libsystem_pthread.dylib
0x00000000060c7000 	/usr/lib/system/libsystem_sandbox.dylib
0x00000000060c7000 	/usr/lib/system/libsystem_secinit.dylib
0x00000000060c7000 	/usr/lib/system/libsystem_stats.dylib
0x00000000060c7000 	/usr/lib/system/libsystem_trace.dylib
0x00000000060c7000 	/usr/lib/system/libunc.dylib
0x00000000060c7000 	/usr/lib/system/libunwind.dylib
0x00000000060c7000 	/usr/lib/system/libxpc.dylib
0x00000000060c7000 	/usr/lib/libbz2.1.0.dylib
0x00000000060c7000 	/usr/lib/liblzma.5.dylib
0x00000000060c7000 	/usr/lib/libbsm.0.dylib
0x00000000060c7000 	/usr/lib/libsqlite3.dylib
0x00000000060c7000 	/usr/lib/system/libkxld.dylib
0x00000000060c7000 	/usr/lib/libxar.1.dylib
0x00000000060c7000 	/usr/lib/libpam.2.dylib
0x00000000060c7000 	/usr/lib/libOpenScriptingUtil.dylib
0x00000000060c7000 	/System/Library/Frameworks/CoreServices.framework/Versions/A/Frameworks/FSEvents.framework/Versions/A/FSEvents
0x00000000060c7000 	/System/Library/Frameworks/CoreServices.framework/Versions/A/Frameworks/CarbonCore.framework/Versions/A/CarbonCore
0x00000000060c7000 	/System/Library/Frameworks/CoreServices.framework/Versions/A/Frameworks/Metadata.framework/Versions/A/Metadata
0x00000000060c7000 	/System/Library/Frameworks/CoreServices.framework/Versions/A/Frameworks/OSServices.framework/Versions/A/OSServices
0x00000000060c7000 	/System/Library/Frameworks/CoreServices.framework/Versions/A/Frameworks/SearchKit.framework/Versions/A/SearchKit
0x00000000060c7000 	/System/Library/Frameworks/CoreServices.framework/Versions/A/Frameworks/AE.framework/Versions/A/AE
0x00000000060c7000 	/System/Library/Frameworks/CoreServices.framework/Versions/A/Frameworks/LaunchServices.framework/Versions/A/LaunchServices
0x00000000060c7000 	/System/Library/Frameworks/CoreServices.framework/Versions/A/Frameworks/DictionaryServices.framework/Versions/A/DictionaryServices
0x00000000060c7000 	/System/Library/Frameworks/NetFS.framework/Versions/A/NetFS
0x00000000060c7000 	/System/Library/PrivateFrameworks/NetAuth.framework/Versions/A/NetAuth
0x00000000060c7000 	/System/Library/PrivateFrameworks/login.framework/Versions/A/Frameworks/loginsupport.framework/Versions/A/loginsupport
0x00000000060c7000 	/System/Library/PrivateFrameworks/TCC.framework/Versions/A/TCC
0x00000000060c7000 	/usr/lib/libmecabra.dylib
0x00000000060c7000 	/System/Library/Frameworks/ApplicationServices.framework/Versions/A/Frameworks/ATS.framework/Versions/A/ATS
0x00000000060c7000 	/System/Library/Frameworks/ApplicationServices.framework/Versions/A/Frameworks/ColorSync.framework/Versions/A/ColorSync
0x00000000060c7000 	/System/Library/Frameworks/ApplicationServices.framework/Versions/A/Frameworks/HIServices.framework/Versions/A/HIServices
0x00000000060c7000 	/System/Library/Frameworks/ApplicationServices.framework/Versions/A/Frameworks/LangAnalysis.framework/Versions/A/LangAnalysis
0x00000000060c7000 	/System/Library/Frameworks/ApplicationServices.framework/Versions/A/Frameworks/PrintCore.framework/Versions/A/PrintCore
0x00000000060c7000 	/System/Library/Frameworks/ApplicationServices.framework/Versions/A/Frameworks/QD.framework/Versions/A/QD
0x00000000060c7000 	/System/Library/Frameworks/ApplicationServices.framework/Versions/A/Frameworks/SpeechSynthesis.framework/Versions/A/SpeechSynthesis
0x00000000060c7000 	/System/Library/Frameworks/Accelerate.framework/Versions/A/Accelerate
0x00000000060c7000 	/System/Library/Frameworks/Accelerate.framework/Versions/A/Frameworks/vImage.framework/Versions/A/vImage
0x00000000060c7000 	/System/Library/Frameworks/Accelerate.framework/Versions/A/Frameworks/vecLib.framework/Versions/A/vecLib
0x00000000060c7000 	/System/Library/Frameworks/Accelerate.framework/Versions/A/Frameworks/vecLib.framework/Versions/A/libvDSP.dylib
0x00000000060c7000 	/System/Library/Frameworks/Accelerate.framework/Versions/A/Frameworks/vecLib.framework/Versions/A/libvMisc.dylib
0x00000000060c7000 	/System/Library/Frameworks/Accelerate.framework/Versions/A/Frameworks/vecLib.framework/Versions/A/libLAPACK.dylib
0x00000000060c7000 	/System/Library/Frameworks/Accelerate.framework/Versions/A/Frameworks/vecLib.framework/Versions/A/libBLAS.dylib
0x00000000060c7000 	/System/Library/Frameworks/Accelerate.framework/Versions/A/Frameworks/vecLib.framework/Versions/A/libLinearAlgebra.dylib
0x00000000060c7000 	/System/Library/Frameworks/ApplicationServices.framework/Versions/A/Frameworks/ATS.framework/Versions/A/Resources/libFontParser.dylib
0x00000000060c7000 	/System/Library/Frameworks/ApplicationServices.framework/Versions/A/Frameworks/ATS.framework/Versions/A/Resources/libFontRegistry.dylib
0x00000000060c7000 	/System/Library/PrivateFrameworks/AppleVPA.framework/Versions/A/AppleVPA
0x00000000060c7000 	/System/Library/PrivateFrameworks/AppleJPEG.framework/Versions/A/AppleJPEG
0x00000000060c7000 	/System/Library/Frameworks/ImageIO.framework/Versions/A/Resources/libJPEG.dylib
0x00000000060c7000 	/System/Library/Frameworks/ImageIO.framework/Versions/A/Resources/libTIFF.dylib
0x00000000060c7000 	/System/Library/Frameworks/ImageIO.framework/Versions/A/Resources/libPng.dylib
0x00000000060c7000 	/System/Library/Frameworks/ImageIO.framework/Versions/A/Resources/libGIF.dylib
0x00000000060c7000 	/System/Library/Frameworks/ImageIO.framework/Versions/A/Resources/libJP2.dylib
0x00000000060c7000 	/System/Library/Frameworks/ImageIO.framework/Versions/A/Resources/libRadiance.dylib
0x00000000060c7000 	/System/Library/Frameworks/CoreVideo.framework/Versions/A/CoreVideo
0x00000000060c7000 	/System/Library/Frameworks/OpenGL.framework/Versions/A/Libraries/libGLU.dylib
0x00000000060c7000 	/System/Library/Frameworks/OpenGL.framework/Versions/A/Libraries/libGFXShared.dylib
0x00000000060c7000 	/System/Library/Frameworks/OpenGL.framework/Versions/A/Libraries/libGL.dylib
0x00000000060c7000 	/System/Library/Frameworks/OpenGL.framework/Versions/A/Libraries/libGLImage.dylib
0x00000000060c7000 	/System/Library/Frameworks/OpenGL.framework/Versions/A/Libraries/libCVMSPluginSupport.dylib
0x00000000060c7000 	/System/Library/Frameworks/OpenGL.framework/Versions/A/Libraries/libCoreVMClient.dylib
0x00000000060c7000 	/usr/lib/libcups.2.dylib
0x00000000060c7000 	/System/Library/Frameworks/Kerberos.framework/Versions/A/Kerberos
0x00000000060c7000 	/System/Library/Frameworks/GSS.framework/Versions/A/GSS
0x00000000060c7000 	/usr/lib/libresolv.9.dylib
0x00000000060c7000 	/usr/lib/libiconv.2.dylib
0x00000000060c7000 	/System/Library/PrivateFrameworks/Heimdal.framework/Versions/A/Heimdal
0x00000000060c7000 	/usr/lib/libheimdal-asn1.dylib
0x00000000060c7000 	/System/Library/Frameworks/OpenDirectory.framework/Versions/A/OpenDirectory
0x00000000060c7000 	/System/Library/PrivateFrameworks/CommonAuth.framework/Versions/A/CommonAuth
0x00000000060c7000 	/System/Library/Frameworks/OpenDirectory.framework/Versions/A/Frameworks/CFOpenDirectory.framework/Versions/A/CFOpenDirectory
0x00000000060c7000 	/System/Library/Frameworks/SecurityFoundation.framework/Versions/A/SecurityFoundation
0x00000000060c7000 	/System/Library/PrivateFrameworks/LanguageModeling.framework/Versions/A/LanguageModeling
0x00000000060c7000 	/usr/lib/libcmph.dylib
0x00000000060c7000 	/System/Library/Frameworks/ServiceManagement.framework/Versions/A/ServiceManagement
0x00000000060c7000 	/usr/lib/libxslt.1.dylib
0x00000000060c7000 	/System/Library/Frameworks/Carbon.framework/Versions/A/Frameworks/Ink.framework/Versions/A/Ink
0x00000000060c7000 	/System/Library/Frameworks/QuartzCore.framework/Versions/A/Frameworks/CoreImage.framework/Versions/A/CoreImage
0x00000000060c7000 	/System/Library/PrivateFrameworks/CrashReporterSupport.framework/Versions/A/CrashReporterSupport
0x00000000060c7000 	/System/Library/Frameworks/OpenCL.framework/Versions/A/OpenCL
0x00000000060c7000 	/System/Library/PrivateFrameworks/FaceCore.framework/Versions/A/FaceCore
0x00000000060c7000 	/System/Library/PrivateFrameworks/Ubiquity.framework/Versions/A/Ubiquity
0x00000000060c7000 	/System/Library/PrivateFrameworks/IconServices.framework/Versions/A/IconServices
0x00000000060c7000 	/System/Library/PrivateFrameworks/ChunkingLibrary.framework/Versions/A/ChunkingLibrary
0x00000000060c7000 	/System/Library/PrivateFrameworks/Apple80211.framework/Versions/A/Apple80211
0x00000000060c7000 	/System/Library/Frameworks/CoreWLAN.framework/Versions/A/CoreWLAN
0x00000000060c7000 	/System/Library/Frameworks/IOBluetooth.framework/Versions/A/IOBluetooth
0x00000000060c7000 	/System/Library/PrivateFrameworks/CoreWiFi.framework/Versions/A/CoreWiFi
0x00000000060c7000 	/System/Library/Frameworks/CoreBluetooth.framework/Versions/A/CoreBluetooth
0x00000000060c7000 	/System/Library/PrivateFrameworks/DebugSymbols.framework/Versions/A/DebugSymbols
0x00000000060c7000 	/System/Library/PrivateFrameworks/CoreSymbolication.framework/Versions/A/CoreSymbolication
0x00000000060c7000 	/System/Library/PrivateFrameworks/Symbolication.framework/Versions/A/Symbolication
0x00000000060c7000 	/System/Library/PrivateFrameworks/SpeechRecognitionCore.framework/Versions/A/SpeechRecognitionCore
0x0000000100ac7000 	/Library/Java/JavaVirtualMachines/jdk1.8.0_45.jdk/Contents/Home/jre/lib/server/libjvm.dylib
0x00000000060c7000 	/usr/lib/libstdc++.6.dylib
0x0000000101b4a000 	/Library/Java/JavaVirtualMachines/jdk1.8.0_45.jdk/Contents/Home/jre/lib/libverify.dylib
0x0000000101b58000 	/Library/Java/JavaVirtualMachines/jdk1.8.0_45.jdk/Contents/Home/jre/lib/libjava.dylib
0x0000000101b97000 	/Library/Java/JavaVirtualMachines/jdk1.8.0_45.jdk/Contents/Home/jre/lib/libzip.dylib
0x0000000118427000 	/System/Library/Frameworks/JavaVM.framework/Frameworks/JavaRuntimeSupport.framework/JavaRuntimeSupport
0x000000011843d000 	/System/Library/Frameworks/JavaVM.framework/Versions/A/Frameworks/JavaNativeFoundation.framework/Versions/A/JavaNativeFoundation
0x0000000101bf1000 	/System/Library/Frameworks/JavaVM.framework/Versions/A/JavaVM
0x00000000060c7000 	/System/Library/Frameworks/Carbon.framework/Versions/A/Carbon
0x0000000118451000 	/System/Library/PrivateFrameworks/JavaLaunching.framework/Versions/A/JavaLaunching
0x00000000060c7000 	/System/Library/Frameworks/Carbon.framework/Versions/A/Frameworks/CommonPanels.framework/Versions/A/CommonPanels
0x00000000060c7000 	/System/Library/Frameworks/Carbon.framework/Versions/A/Frameworks/Help.framework/Versions/A/Help
0x00000000060c7000 	/System/Library/Frameworks/Carbon.framework/Versions/A/Frameworks/ImageCapture.framework/Versions/A/ImageCapture
0x00000000060c7000 	/System/Library/Frameworks/Carbon.framework/Versions/A/Frameworks/OpenScripting.framework/Versions/A/OpenScripting
0x00000000060c7000 	/System/Library/Frameworks/Carbon.framework/Versions/A/Frameworks/Print.framework/Versions/A/Print
0x00000000060c7000 	/System/Library/Frameworks/Carbon.framework/Versions/A/Frameworks/SecurityHI.framework/Versions/A/SecurityHI
0x000000011a408000 	/Library/Java/JavaVirtualMachines/jdk1.8.0_45.jdk/Contents/Home/jre/lib/libprism_es2.dylib
0x00000000060c7000 	/System/Library/Frameworks/OpenGL.framework/Versions/A/Resources/GLEngine.bundle/GLEngine
0x00000000060c7000 	/System/Library/Frameworks/OpenGL.framework/Versions/A/Libraries/libGLProgrammability.dylib
0x0000000000000000 	/System/Library/Extensions/AppleIntelBDWGraphicsGLDriver.bundle/Contents/MacOS/AppleIntelBDWGraphicsGLDriver
0x00000000060c7000 	/System/Library/PrivateFrameworks/IOAccelerator.framework/Versions/A/IOAccelerator
0x00000000060c7000 	/System/Library/PrivateFrameworks/GPUSupport.framework/Versions/A/Libraries/libGPUSupportMercury.dylib
0x00000000060c7000 	/System/Library/Frameworks/OpenGL.framework/Versions/A/Libraries//libLLVMContainer.dylib
0x00000000060c7000 	/System/Library/Frameworks/OpenGL.framework/Versions/A/Resources/GLRendererFloat.bundle/GLRendererFloat
0x00000000060c7000 	/System/Library/Frameworks/OpenCL.framework/Versions/A/Libraries/libcldcpuengine.dylib
0x00000000060c7000 	/System/Library/PrivateFrameworks/DiskImages.framework/Versions/A/DiskImages
0x00000000060c7000 	/System/Library/Frameworks/DiscRecording.framework/Versions/A/DiscRecording
0x00000000060c7000 	/usr/lib/libcsfde.dylib
0x00000000060c7000 	/usr/lib/libcurl.4.dylib
0x00000000060c7000 	/System/Library/PrivateFrameworks/MediaKit.framework/Versions/A/MediaKit
0x00000000060c7000 	/System/Library/PrivateFrameworks/ProtectedCloudStorage.framework/Versions/A/ProtectedCloudStorage
0x00000000060c7000 	/usr/lib/libCoreStorage.dylib
0x00000000060c7000 	/System/Library/PrivateFrameworks/EFILogin.framework/Versions/A/EFILogin
0x00000000060c7000 	/usr/lib/libutil.dylib
0x00000000060c7000 	/System/Library/PrivateFrameworks/FindMyDevice.framework/Versions/A/FindMyDevice
0x00000000060c7000 	/System/Library/Frameworks/LDAP.framework/Versions/A/LDAP
0x00000000060c7000 	/usr/lib/libsasl2.2.dylib
0x00000000060c7000 	/System/Library/PrivateFrameworks/CoreDaemon.framework/Versions/B/CoreDaemon
0x00000000060c7000 	/usr/lib/libcrypto.0.9.8.dylib
0x00000000060c7000 	/System/Library/PrivateFrameworks/AppleSRP.framework/Versions/A/AppleSRP
0x00000000060c7000 	/System/Library/PrivateFrameworks/TrustEvaluationAgent.framework/Versions/A/TrustEvaluationAgent
0x000000011a872000 	/Library/Java/JavaVirtualMachines/jdk1.8.0_45.jdk/Contents/Home/jre/lib/libglass.dylib
0x00000000060c7000 	/System/Library/PrivateFrameworks/CoreServicesInternal.framework/Versions/A/CoreServicesInternal
0x00000000060c7000 	/System/Library/PrivateFrameworks/CloudDocs.framework/Versions/A/CloudDocs
0x00000000060c7000 	/System/Library/PrivateFrameworks/CoreDuet.framework/Versions/A/CoreDuet
0x00000000060c7000 	/System/Library/Frameworks/CloudKit.framework/Versions/A/CloudKit
0x00000000060c7000 	/System/Library/PrivateFrameworks/ProtocolBuffer.framework/Versions/A/ProtocolBuffer
0x00000000060c7000 	/System/Library/PrivateFrameworks/CoreDuetDaemonProtocol.framework/Versions/A/CoreDuetDaemonProtocol
0x00000000060c7000 	/System/Library/PrivateFrameworks/CoreDuetDebugLogging.framework/Versions/A/CoreDuetDebugLogging
0x00000000060c7000 	/System/Library/Frameworks/CoreLocation.framework/Versions/A/CoreLocation
0x00000000060c7000 	/System/Library/Frameworks/Accounts.framework/Versions/A/Accounts
0x00000000060c7000 	/System/Library/PrivateFrameworks/ApplePushService.framework/Versions/A/ApplePushService
0x00000000060c7000 	/System/Library/PrivateFrameworks/GeoServices.framework/Versions/A/GeoServices
0x00000000060c7000 	/System/Library/PrivateFrameworks/OAuth.framework/Versions/A/OAuth
0x00000000060c7000 	/System/Library/Frameworks/CoreGraphics.framework/Versions/A/Resources/libCGCMS.A.dylib
0x000000011bc84000 	/System/Library/CoreServices/RawCamera.bundle/Contents/MacOS/RawCamera
0x00000000060c7000 	/System/Library/Frameworks/CoreGraphics.framework/Versions/A/Resources/libRIP.A.dylib
0x00000000060c7000 	/System/Library/PrivateFrameworks/FamilyControls.framework/Versions/A/FamilyControls
0x00000000060c7000 	/System/Library/PrivateFrameworks/CommerceKit.framework/Versions/A/Frameworks/CommerceCore.framework/Versions/A/CommerceCore
0x00000000060c7000 	/System/Library/PrivateFrameworks/SystemAdministration.framework/Versions/A/SystemAdministration
0x00000000060c7000 	/System/Library/PrivateFrameworks/AppContainer.framework/Versions/A/AppContainer
0x00000000060c7000 	/System/Library/PrivateFrameworks/SecCodeWrapper.framework/Versions/A/SecCodeWrapper
0x00000000060c7000 	/System/Library/Frameworks/DirectoryService.framework/Versions/A/DirectoryService
0x00000000060c7000 	/System/Library/PrivateFrameworks/LoginUIKit.framework/Versions/A/Frameworks/LoginUICore.framework/Versions/A/LoginUICore
0x00000000060c7000 	/usr/lib/libodfde.dylib
0x000000011e366000 	/Library/Java/JavaVirtualMachines/jdk1.8.0_45.jdk/Contents/Home/jre/lib/libjavafx_font.dylib
0x00000000060c7000 	/System/Library/Frameworks/CoreGraphics.framework/Versions/A/Resources/libCGXType.A.dylib
0x00000001203eb000 	cl_kernels
0x00000001203ed000 	/System/Library/Frameworks/OpenCL.framework/Versions/A/Libraries/ImageFormats/unorm8_bgra.dylib
0x00000001203dd000 	cl_kernels
0x0000000120833000 	/Library/Java/JavaVirtualMachines/jdk1.8.0_45.jdk/Contents/Home/jre/lib/libprism_common.dylib

VM Arguments:
jvm_args: -Dfile.encoding=UTF-8 
java_command: application.Main
java_class_path (initial): /Users/kevin/git/prog2/MyJavaFX/bin:/Applications/eclipse/plugins/org.eclipse.fx.ide.css.jfx8_1.1.0.201411050807.jar
Launcher Type: SUN_STANDARD

Environment Variables:
PATH=/usr/bin:/bin:/usr/sbin:/sbin
SHELL=/bin/bash

Signal Handlers:
SIGSEGV: [libjvm.dylib+0x58ef95], sa_mask[0]=11111111011111110111111111111111, sa_flags=SA_ONSTACK|SA_RESTART|SA_SIGINFO
SIGBUS: [libjvm.dylib+0x58ef95], sa_mask[0]=11111111011111110111111111111111, sa_flags=SA_RESTART|SA_SIGINFO
SIGFPE: [libjvm.dylib+0x46c108], sa_mask[0]=11111111011111110111111111111111, sa_flags=SA_RESTART|SA_SIGINFO
SIGPIPE: [libjvm.dylib+0x46c108], sa_mask[0]=11111111011111110111111111111111, sa_flags=SA_RESTART|SA_SIGINFO
SIGXFSZ: [libjvm.dylib+0x46c108], sa_mask[0]=11111111011111110111111111111111, sa_flags=SA_RESTART|SA_SIGINFO
SIGILL: [libjvm.dylib+0x46c108], sa_mask[0]=11111111011111110111111111111111, sa_flags=SA_RESTART|SA_SIGINFO
SIGUSR1: SIG_DFL, sa_mask[0]=00000000000000000000000000000000, sa_flags=none
SIGUSR2: [libjvm.dylib+0x46bc26], sa_mask[0]=00100000000000000000000000000000, sa_flags=SA_RESTART|SA_SIGINFO
SIGHUP: [libjvm.dylib+0x46a1f9], sa_mask[0]=11111111011111110111111111111111, sa_flags=SA_RESTART|SA_SIGINFO
SIGINT: [libjvm.dylib+0x46a1f9], sa_mask[0]=11111111011111110111111111111111, sa_flags=SA_RESTART|SA_SIGINFO
SIGTERM: [libjvm.dylib+0x46a1f9], sa_mask[0]=11111111011111110111111111111111, sa_flags=SA_RESTART|SA_SIGINFO
SIGQUIT: [libjvm.dylib+0x46a1f9], sa_mask[0]=11111111011111110111111111111111, sa_flags=SA_RESTART|SA_SIGINFO


---------------  S Y S T E M  ---------------

OS:Bsduname:Darwin 14.1.1 Darwin Kernel Version 14.1.1: Fri Feb  6 21:06:10 PST 2015; root:xnu-2782.15.4~1/RELEASE_X86_64 x86_64
rlimit: STACK 8192k, CORE 0k, NPROC 709, NOFILE 10240, AS infinity
load average:1.76 1.69 1.71

CPU:total 4 (2 cores per cpu, 2 threads per core) family 6 model 61 stepping 4, cmov, cx8, fxsr, mmx, sse, sse2, sse3, ssse3, sse4.1, sse4.2, popcnt, avx, avx2, aes, clmul, erms, 3dnowpref, lzcnt, ht, tsc, tscinvbit, bmi1, bmi2, adx

Memory: 4k page, physical 8388608k(157760k free)

/proc/meminfo:


vm_info: Java HotSpot(TM) 64-Bit Server VM (25.45-b02) for bsd-amd64 JRE (1.8.0_45-b14), built on Apr 10 2015 10:46:38 by "java_re" with gcc 4.2.1 (Based on Apple Inc. build 5658) (LLVM build 2336.11.00)

time: Mon May 11 16:27:34 2015
elapsed time: 34 seconds (0d 0h 0m 34s)

